INFO - 2024-12-05 09:40:28 --> Session: Class initialized using 'CodeIgniter\Session\Handlers\FileHandler' driver.
INFO - 2024-12-05 09:41:24 --> Session: Class initialized using 'CodeIgniter\Session\Handlers\FileHandler' driver.
INFO - 2024-12-05 09:41:30 --> Session: Class initialized using 'CodeIgniter\Session\Handlers\FileHandler' driver.
DEBUG - 2024-12-05 09:41:30 --> Input ID: 123321
DEBUG - 2024-12-05 09:41:30 --> Input Password: n123123
DEBUG - 2024-12-05 09:41:30 --> User ditemukan: Array
(
    [id_admin] => 123321
    [id_pimpinan] => 
    [id_staff] => 
    [id_pengaju] => 
    [password] => n123123
)

INFO - 2024-12-05 09:41:30 --> Session: Class initialized using 'CodeIgniter\Session\Handlers\FileHandler' driver.
INFO - 2024-12-05 09:46:45 --> Session: Class initialized using 'CodeIgniter\Session\Handlers\FileHandler' driver.
INFO - 2024-12-05 09:46:56 --> Session: Class initialized using 'CodeIgniter\Session\Handlers\FileHandler' driver.
DEBUG - 2024-12-05 09:46:56 --> Input ID: 321123
DEBUG - 2024-12-05 09:46:56 --> Input Password: d321123
DEBUG - 2024-12-05 09:46:56 --> User ditemukan: Array
(
    [id_admin] => 
    [id_pimpinan] => 
    [id_staff] => 321123
    [id_pengaju] => 
    [password] => d321123
)

INFO - 2024-12-05 09:46:57 --> Session: Class initialized using 'CodeIgniter\Session\Handlers\FileHandler' driver.
INFO - 2024-12-05 09:51:22 --> Session: Class initialized using 'CodeIgniter\Session\Handlers\FileHandler' driver.
INFO - 2024-12-05 09:52:02 --> Session: Class initialized using 'CodeIgniter\Session\Handlers\FileHandler' driver.
DEBUG - 2024-12-05 09:52:02 --> Input ID: 412321
DEBUG - 2024-12-05 09:52:02 --> Input Password: p412321
DEBUG - 2024-12-05 09:52:02 --> User ditemukan: Array
(
    [id_admin] => 
    [id_pimpinan] => 412321
    [id_staff] => 
    [id_pengaju] => 
    [password] => p412321
)

INFO - 2024-12-05 09:52:03 --> Session: Class initialized using 'CodeIgniter\Session\Handlers\FileHandler' driver.
INFO - 2024-12-05 09:52:31 --> Session: Class initialized using 'CodeIgniter\Session\Handlers\FileHandler' driver.
INFO - 2024-12-05 09:59:51 --> Session: Class initialized using 'CodeIgniter\Session\Handlers\FileHandler' driver.
DEBUG - 2024-12-05 09:59:51 --> Input ID: 321412
DEBUG - 2024-12-05 09:59:51 --> Input Password: h321412
DEBUG - 2024-12-05 09:59:51 --> User ditemukan: Array
(
    [id_admin] => 
    [id_pimpinan] => 
    [id_staff] => 
    [id_pengaju] => 321412
    [password] => h321412
)

INFO - 2024-12-05 09:59:52 --> Session: Class initialized using 'CodeIgniter\Session\Handlers\FileHandler' driver.
INFO - 2024-12-05 10:32:15 --> Session: Class initialized using 'CodeIgniter\Session\Handlers\FileHandler' driver.
INFO - 2024-12-05 10:33:36 --> Session: Class initialized using 'CodeIgniter\Session\Handlers\FileHandler' driver.
CRITICAL - 2024-12-05 10:33:36 --> Error: Class "App\Controllers\PengajuanSkModel" not found
[Method: POST, Route: dashboard/ajukanSK]
in APPPATH\Controllers\dashboard.php on line 59.
 1 SYSTEMPATH\CodeIgniter.php(933): App\Controllers\Dashboard->ajukanSK()
 2 SYSTEMPATH\CodeIgniter.php(509): CodeIgniter\CodeIgniter->runController(Object(App\Controllers\Dashboard))
 3 SYSTEMPATH\CodeIgniter.php(355): CodeIgniter\CodeIgniter->handleRequest(null, Object(Config\Cache), false)
 4 SYSTEMPATH\Boot.php(325): CodeIgniter\CodeIgniter->run()
 5 SYSTEMPATH\Boot.php(67): CodeIgniter\Boot::runCodeIgniter(Object(CodeIgniter\CodeIgniter))
 6 FCPATH\index.php(56): CodeIgniter\Boot::bootWeb(Object(Config\Paths))
INFO - 2024-12-05 10:36:07 --> Session: Class initialized using 'CodeIgniter\Session\Handlers\FileHandler' driver.
INFO - 2024-12-05 10:36:09 --> Session: Class initialized using 'CodeIgniter\Session\Handlers\FileHandler' driver.
ERROR - 2024-12-05 10:36:09 --> mysqli_sql_exception: Table 'sk.pengajuan_sk' doesn't exist in C:\xampp\htdocs\project_sk\system\Database\MySQLi\Connection.php:312
Stack trace:
#0 C:\xampp\htdocs\project_sk\system\Database\MySQLi\Connection.php(312): mysqli->query('INSERT INTO `pe...', 0)
#1 C:\xampp\htdocs\project_sk\system\Database\BaseConnection.php(734): CodeIgniter\Database\MySQLi\Connection->execute('INSERT INTO `pe...')
#2 C:\xampp\htdocs\project_sk\system\Database\BaseConnection.php(648): CodeIgniter\Database\BaseConnection->simpleQuery('INSERT INTO `pe...')
#3 C:\xampp\htdocs\project_sk\system\Database\BaseBuilder.php(2340): CodeIgniter\Database\BaseConnection->query('INSERT INTO `pe...', Array, false)
#4 C:\xampp\htdocs\project_sk\system\Model.php(394): CodeIgniter\Database\BaseBuilder->insert()
#5 C:\xampp\htdocs\project_sk\system\BaseModel.php(840): CodeIgniter\Model->doInsert(Array)
#6 C:\xampp\htdocs\project_sk\system\Model.php(802): CodeIgniter\BaseModel->insert(Array, false)
#7 C:\xampp\htdocs\project_sk\system\BaseModel.php(751): CodeIgniter\Model->insert(Array, false)
#8 C:\xampp\htdocs\project_sk\app\Controllers\dashboard.php(71): CodeIgniter\BaseModel->save(Array)
#9 C:\xampp\htdocs\project_sk\system\CodeIgniter.php(933): App\Controllers\Dashboard->ajukanSK()
#10 C:\xampp\htdocs\project_sk\system\CodeIgniter.php(509): CodeIgniter\CodeIgniter->runController(Object(App\Controllers\Dashboard))
#11 C:\xampp\htdocs\project_sk\system\CodeIgniter.php(355): CodeIgniter\CodeIgniter->handleRequest(NULL, Object(Config\Cache), false)
#12 C:\xampp\htdocs\project_sk\system\Boot.php(325): CodeIgniter\CodeIgniter->run()
#13 C:\xampp\htdocs\project_sk\system\Boot.php(67): CodeIgniter\Boot::runCodeIgniter(Object(CodeIgniter\CodeIgniter))
#14 C:\xampp\htdocs\project_sk\public\index.php(56): CodeIgniter\Boot::bootWeb(Object(Config\Paths))
#15 {main}
CRITICAL - 2024-12-05 10:36:09 --> CodeIgniter\Database\Exceptions\DatabaseException: Table 'sk.pengajuan_sk' doesn't exist
[Method: POST, Route: dashboard/ajukanSK]
in SYSTEMPATH\Database\BaseConnection.php on line 688.
 1 SYSTEMPATH\Database\BaseBuilder.php(2340): CodeIgniter\Database\BaseConnection->query('INSERT INTO `pengajuan_sk` (`id_pengaju`, `judul_sk`, `tanggal_pengajuan`, `tembusan`, `menimbang`, `menetapkan`, `memperhatikan`, `mengingat`, `created_at`, `updated_at`) VALUES (:id_pengaju:, :judul_sk:, :tanggal_pengajuan:, :tembusan:, :menimbang:, :menetapkan:, :memperhatikan:, :mengingat:, :created_at:, :updated_at:)', [...], false)
 2 SYSTEMPATH\Model.php(394): CodeIgniter\Database\BaseBuilder->insert()
 3 SYSTEMPATH\BaseModel.php(840): CodeIgniter\Model->doInsert([...])
 4 SYSTEMPATH\Model.php(802): CodeIgniter\BaseModel->insert([...], false)
 5 SYSTEMPATH\BaseModel.php(751): CodeIgniter\Model->insert([...], false)
 6 APPPATH\Controllers\dashboard.php(71): CodeIgniter\BaseModel->save([...])
 7 SYSTEMPATH\CodeIgniter.php(933): App\Controllers\Dashboard->ajukanSK()
 8 SYSTEMPATH\CodeIgniter.php(509): CodeIgniter\CodeIgniter->runController(Object(App\Controllers\Dashboard))
 9 SYSTEMPATH\CodeIgniter.php(355): CodeIgniter\CodeIgniter->handleRequest(null, Object(Config\Cache), false)
10 SYSTEMPATH\Boot.php(325): CodeIgniter\CodeIgniter->run()
11 SYSTEMPATH\Boot.php(67): CodeIgniter\Boot::runCodeIgniter(Object(CodeIgniter\CodeIgniter))
12 FCPATH\index.php(56): CodeIgniter\Boot::bootWeb(Object(Config\Paths))
CRITICAL - 2024-12-05 10:36:09 --> [Caused by] CodeIgniter\Database\Exceptions\DatabaseException: Table 'sk.pengajuan_sk' doesn't exist
in SYSTEMPATH\Database\MySQLi\Connection.php on line 317.
 1 SYSTEMPATH\Database\BaseConnection.php(734): CodeIgniter\Database\MySQLi\Connection->execute('INSERT INTO `pengajuan_sk` (`id_pengaju`, `judul_sk`, `tanggal_pengajuan`, `tembusan`, `menimbang`, `menetapkan`, `memperhatikan`, `mengingat`, `created_at`, `updated_at`) VALUES (\'321412\', \'penundaan skripsi\', \'2004-07-14\', \'dengan ini\', \'mengapa\', \'seterusnya\', \'memperhatikan\', \'diketahui\', \'2024-12-05 10:36:09\', \'2024-12-05 10:36:09\')')
 2 SYSTEMPATH\Database\BaseConnection.php(648): CodeIgniter\Database\BaseConnection->simpleQuery('INSERT INTO `pengajuan_sk` (`id_pengaju`, `judul_sk`, `tanggal_pengajuan`, `tembusan`, `menimbang`, `menetapkan`, `memperhatikan`, `mengingat`, `created_at`, `updated_at`) VALUES (\'321412\', \'penundaan skripsi\', \'2004-07-14\', \'dengan ini\', \'mengapa\', \'seterusnya\', \'memperhatikan\', \'diketahui\', \'2024-12-05 10:36:09\', \'2024-12-05 10:36:09\')')
 3 SYSTEMPATH\Database\BaseBuilder.php(2340): CodeIgniter\Database\BaseConnection->query('INSERT INTO `pengajuan_sk` (`id_pengaju`, `judul_sk`, `tanggal_pengajuan`, `tembusan`, `menimbang`, `menetapkan`, `memperhatikan`, `mengingat`, `created_at`, `updated_at`) VALUES (:id_pengaju:, :judul_sk:, :tanggal_pengajuan:, :tembusan:, :menimbang:, :menetapkan:, :memperhatikan:, :mengingat:, :created_at:, :updated_at:)', [...], false)
 4 SYSTEMPATH\Model.php(394): CodeIgniter\Database\BaseBuilder->insert()
 5 SYSTEMPATH\BaseModel.php(840): CodeIgniter\Model->doInsert([...])
 6 SYSTEMPATH\Model.php(802): CodeIgniter\BaseModel->insert([...], false)
 7 SYSTEMPATH\BaseModel.php(751): CodeIgniter\Model->insert([...], false)
 8 APPPATH\Controllers\dashboard.php(71): CodeIgniter\BaseModel->save([...])
 9 SYSTEMPATH\CodeIgniter.php(933): App\Controllers\Dashboard->ajukanSK()
10 SYSTEMPATH\CodeIgniter.php(509): CodeIgniter\CodeIgniter->runController(Object(App\Controllers\Dashboard))
11 SYSTEMPATH\CodeIgniter.php(355): CodeIgniter\CodeIgniter->handleRequest(null, Object(Config\Cache), false)
12 SYSTEMPATH\Boot.php(325): CodeIgniter\CodeIgniter->run()
13 SYSTEMPATH\Boot.php(67): CodeIgniter\Boot::runCodeIgniter(Object(CodeIgniter\CodeIgniter))
14 FCPATH\index.php(56): CodeIgniter\Boot::bootWeb(Object(Config\Paths))
CRITICAL - 2024-12-05 10:36:09 --> [Caused by] mysqli_sql_exception: Table 'sk.pengajuan_sk' doesn't exist
in SYSTEMPATH\Database\MySQLi\Connection.php on line 312.
 1 SYSTEMPATH\Database\MySQLi\Connection.php(312): mysqli->query('INSERT INTO `pengajuan_sk` (`id_pengaju`, `judul_sk`, `tanggal_pengajuan`, `tembusan`, `menimbang`, `menetapkan`, `memperhatikan`, `mengingat`, `created_at`, `updated_at`) VALUES (\'321412\', \'penundaan skripsi\', \'2004-07-14\', \'dengan ini\', \'mengapa\', \'seterusnya\', \'memperhatikan\', \'diketahui\', \'2024-12-05 10:36:09\', \'2024-12-05 10:36:09\')', 0)
 2 SYSTEMPATH\Database\BaseConnection.php(734): CodeIgniter\Database\MySQLi\Connection->execute('INSERT INTO `pengajuan_sk` (`id_pengaju`, `judul_sk`, `tanggal_pengajuan`, `tembusan`, `menimbang`, `menetapkan`, `memperhatikan`, `mengingat`, `created_at`, `updated_at`) VALUES (\'321412\', \'penundaan skripsi\', \'2004-07-14\', \'dengan ini\', \'mengapa\', \'seterusnya\', \'memperhatikan\', \'diketahui\', \'2024-12-05 10:36:09\', \'2024-12-05 10:36:09\')')
 3 SYSTEMPATH\Database\BaseConnection.php(648): CodeIgniter\Database\BaseConnection->simpleQuery('INSERT INTO `pengajuan_sk` (`id_pengaju`, `judul_sk`, `tanggal_pengajuan`, `tembusan`, `menimbang`, `menetapkan`, `memperhatikan`, `mengingat`, `created_at`, `updated_at`) VALUES (\'321412\', \'penundaan skripsi\', \'2004-07-14\', \'dengan ini\', \'mengapa\', \'seterusnya\', \'memperhatikan\', \'diketahui\', \'2024-12-05 10:36:09\', \'2024-12-05 10:36:09\')')
 4 SYSTEMPATH\Database\BaseBuilder.php(2340): CodeIgniter\Database\BaseConnection->query('INSERT INTO `pengajuan_sk` (`id_pengaju`, `judul_sk`, `tanggal_pengajuan`, `tembusan`, `menimbang`, `menetapkan`, `memperhatikan`, `mengingat`, `created_at`, `updated_at`) VALUES (:id_pengaju:, :judul_sk:, :tanggal_pengajuan:, :tembusan:, :menimbang:, :menetapkan:, :memperhatikan:, :mengingat:, :created_at:, :updated_at:)', [...], false)
 5 SYSTEMPATH\Model.php(394): CodeIgniter\Database\BaseBuilder->insert()
 6 SYSTEMPATH\BaseModel.php(840): CodeIgniter\Model->doInsert([...])
 7 SYSTEMPATH\Model.php(802): CodeIgniter\BaseModel->insert([...], false)
 8 SYSTEMPATH\BaseModel.php(751): CodeIgniter\Model->insert([...], false)
 9 APPPATH\Controllers\dashboard.php(71): CodeIgniter\BaseModel->save([...])
10 SYSTEMPATH\CodeIgniter.php(933): App\Controllers\Dashboard->ajukanSK()
11 SYSTEMPATH\CodeIgniter.php(509): CodeIgniter\CodeIgniter->runController(Object(App\Controllers\Dashboard))
12 SYSTEMPATH\CodeIgniter.php(355): CodeIgniter\CodeIgniter->handleRequest(null, Object(Config\Cache), false)
13 SYSTEMPATH\Boot.php(325): CodeIgniter\CodeIgniter->run()
14 SYSTEMPATH\Boot.php(67): CodeIgniter\Boot::runCodeIgniter(Object(CodeIgniter\CodeIgniter))
15 FCPATH\index.php(56): CodeIgniter\Boot::bootWeb(Object(Config\Paths))
INFO - 2024-12-05 10:37:15 --> Session: Class initialized using 'CodeIgniter\Session\Handlers\FileHandler' driver.
INFO - 2024-12-05 10:37:17 --> Session: Class initialized using 'CodeIgniter\Session\Handlers\FileHandler' driver.
ERROR - 2024-12-05 10:37:17 --> mysqli_sql_exception: Unknown column 'created_at' in 'field list' in C:\xampp\htdocs\project_sk\system\Database\MySQLi\Connection.php:312
Stack trace:
#0 C:\xampp\htdocs\project_sk\system\Database\MySQLi\Connection.php(312): mysqli->query('INSERT INTO `pe...', 0)
#1 C:\xampp\htdocs\project_sk\system\Database\BaseConnection.php(734): CodeIgniter\Database\MySQLi\Connection->execute('INSERT INTO `pe...')
#2 C:\xampp\htdocs\project_sk\system\Database\BaseConnection.php(648): CodeIgniter\Database\BaseConnection->simpleQuery('INSERT INTO `pe...')
#3 C:\xampp\htdocs\project_sk\system\Database\BaseBuilder.php(2340): CodeIgniter\Database\BaseConnection->query('INSERT INTO `pe...', Array, false)
#4 C:\xampp\htdocs\project_sk\system\Model.php(394): CodeIgniter\Database\BaseBuilder->insert()
#5 C:\xampp\htdocs\project_sk\system\BaseModel.php(840): CodeIgniter\Model->doInsert(Array)
#6 C:\xampp\htdocs\project_sk\system\Model.php(802): CodeIgniter\BaseModel->insert(Array, false)
#7 C:\xampp\htdocs\project_sk\system\BaseModel.php(751): CodeIgniter\Model->insert(Array, false)
#8 C:\xampp\htdocs\project_sk\app\Controllers\dashboard.php(71): CodeIgniter\BaseModel->save(Array)
#9 C:\xampp\htdocs\project_sk\system\CodeIgniter.php(933): App\Controllers\Dashboard->ajukanSK()
#10 C:\xampp\htdocs\project_sk\system\CodeIgniter.php(509): CodeIgniter\CodeIgniter->runController(Object(App\Controllers\Dashboard))
#11 C:\xampp\htdocs\project_sk\system\CodeIgniter.php(355): CodeIgniter\CodeIgniter->handleRequest(NULL, Object(Config\Cache), false)
#12 C:\xampp\htdocs\project_sk\system\Boot.php(325): CodeIgniter\CodeIgniter->run()
#13 C:\xampp\htdocs\project_sk\system\Boot.php(67): CodeIgniter\Boot::runCodeIgniter(Object(CodeIgniter\CodeIgniter))
#14 C:\xampp\htdocs\project_sk\public\index.php(56): CodeIgniter\Boot::bootWeb(Object(Config\Paths))
#15 {main}
CRITICAL - 2024-12-05 10:37:17 --> CodeIgniter\Database\Exceptions\DatabaseException: Unknown column 'created_at' in 'field list'
[Method: POST, Route: dashboard/ajukanSK]
in SYSTEMPATH\Database\BaseConnection.php on line 688.
 1 SYSTEMPATH\Database\BaseBuilder.php(2340): CodeIgniter\Database\BaseConnection->query('INSERT INTO `pengajuan` (`id_pengaju`, `judul_sk`, `tanggal_pengajuan`, `tembusan`, `menimbang`, `menetapkan`, `memperhatikan`, `mengingat`, `created_at`, `updated_at`) VALUES (:id_pengaju:, :judul_sk:, :tanggal_pengajuan:, :tembusan:, :menimbang:, :menetapkan:, :memperhatikan:, :mengingat:, :created_at:, :updated_at:)', [...], false)
 2 SYSTEMPATH\Model.php(394): CodeIgniter\Database\BaseBuilder->insert()
 3 SYSTEMPATH\BaseModel.php(840): CodeIgniter\Model->doInsert([...])
 4 SYSTEMPATH\Model.php(802): CodeIgniter\BaseModel->insert([...], false)
 5 SYSTEMPATH\BaseModel.php(751): CodeIgniter\Model->insert([...], false)
 6 APPPATH\Controllers\dashboard.php(71): CodeIgniter\BaseModel->save([...])
 7 SYSTEMPATH\CodeIgniter.php(933): App\Controllers\Dashboard->ajukanSK()
 8 SYSTEMPATH\CodeIgniter.php(509): CodeIgniter\CodeIgniter->runController(Object(App\Controllers\Dashboard))
 9 SYSTEMPATH\CodeIgniter.php(355): CodeIgniter\CodeIgniter->handleRequest(null, Object(Config\Cache), false)
10 SYSTEMPATH\Boot.php(325): CodeIgniter\CodeIgniter->run()
11 SYSTEMPATH\Boot.php(67): CodeIgniter\Boot::runCodeIgniter(Object(CodeIgniter\CodeIgniter))
12 FCPATH\index.php(56): CodeIgniter\Boot::bootWeb(Object(Config\Paths))
CRITICAL - 2024-12-05 10:37:17 --> [Caused by] CodeIgniter\Database\Exceptions\DatabaseException: Unknown column 'created_at' in 'field list'
in SYSTEMPATH\Database\MySQLi\Connection.php on line 317.
 1 SYSTEMPATH\Database\BaseConnection.php(734): CodeIgniter\Database\MySQLi\Connection->execute('INSERT INTO `pengajuan` (`id_pengaju`, `judul_sk`, `tanggal_pengajuan`, `tembusan`, `menimbang`, `menetapkan`, `memperhatikan`, `mengingat`, `created_at`, `updated_at`) VALUES (\'321412\', \'penundaan skripsi\', \'2004-07-14\', \'dengan ini\', \'mengapa\', \'seterusnya\', \'memperhatikan\', \'diketahui\', \'2024-12-05 10:37:17\', \'2024-12-05 10:37:17\')')
 2 SYSTEMPATH\Database\BaseConnection.php(648): CodeIgniter\Database\BaseConnection->simpleQuery('INSERT INTO `pengajuan` (`id_pengaju`, `judul_sk`, `tanggal_pengajuan`, `tembusan`, `menimbang`, `menetapkan`, `memperhatikan`, `mengingat`, `created_at`, `updated_at`) VALUES (\'321412\', \'penundaan skripsi\', \'2004-07-14\', \'dengan ini\', \'mengapa\', \'seterusnya\', \'memperhatikan\', \'diketahui\', \'2024-12-05 10:37:17\', \'2024-12-05 10:37:17\')')
 3 SYSTEMPATH\Database\BaseBuilder.php(2340): CodeIgniter\Database\BaseConnection->query('INSERT INTO `pengajuan` (`id_pengaju`, `judul_sk`, `tanggal_pengajuan`, `tembusan`, `menimbang`, `menetapkan`, `memperhatikan`, `mengingat`, `created_at`, `updated_at`) VALUES (:id_pengaju:, :judul_sk:, :tanggal_pengajuan:, :tembusan:, :menimbang:, :menetapkan:, :memperhatikan:, :mengingat:, :created_at:, :updated_at:)', [...], false)
 4 SYSTEMPATH\Model.php(394): CodeIgniter\Database\BaseBuilder->insert()
 5 SYSTEMPATH\BaseModel.php(840): CodeIgniter\Model->doInsert([...])
 6 SYSTEMPATH\Model.php(802): CodeIgniter\BaseModel->insert([...], false)
 7 SYSTEMPATH\BaseModel.php(751): CodeIgniter\Model->insert([...], false)
 8 APPPATH\Controllers\dashboard.php(71): CodeIgniter\BaseModel->save([...])
 9 SYSTEMPATH\CodeIgniter.php(933): App\Controllers\Dashboard->ajukanSK()
10 SYSTEMPATH\CodeIgniter.php(509): CodeIgniter\CodeIgniter->runController(Object(App\Controllers\Dashboard))
11 SYSTEMPATH\CodeIgniter.php(355): CodeIgniter\CodeIgniter->handleRequest(null, Object(Config\Cache), false)
12 SYSTEMPATH\Boot.php(325): CodeIgniter\CodeIgniter->run()
13 SYSTEMPATH\Boot.php(67): CodeIgniter\Boot::runCodeIgniter(Object(CodeIgniter\CodeIgniter))
14 FCPATH\index.php(56): CodeIgniter\Boot::bootWeb(Object(Config\Paths))
CRITICAL - 2024-12-05 10:37:17 --> [Caused by] mysqli_sql_exception: Unknown column 'created_at' in 'field list'
in SYSTEMPATH\Database\MySQLi\Connection.php on line 312.
 1 SYSTEMPATH\Database\MySQLi\Connection.php(312): mysqli->query('INSERT INTO `pengajuan` (`id_pengaju`, `judul_sk`, `tanggal_pengajuan`, `tembusan`, `menimbang`, `menetapkan`, `memperhatikan`, `mengingat`, `created_at`, `updated_at`) VALUES (\'321412\', \'penundaan skripsi\', \'2004-07-14\', \'dengan ini\', \'mengapa\', \'seterusnya\', \'memperhatikan\', \'diketahui\', \'2024-12-05 10:37:17\', \'2024-12-05 10:37:17\')', 0)
 2 SYSTEMPATH\Database\BaseConnection.php(734): CodeIgniter\Database\MySQLi\Connection->execute('INSERT INTO `pengajuan` (`id_pengaju`, `judul_sk`, `tanggal_pengajuan`, `tembusan`, `menimbang`, `menetapkan`, `memperhatikan`, `mengingat`, `created_at`, `updated_at`) VALUES (\'321412\', \'penundaan skripsi\', \'2004-07-14\', \'dengan ini\', \'mengapa\', \'seterusnya\', \'memperhatikan\', \'diketahui\', \'2024-12-05 10:37:17\', \'2024-12-05 10:37:17\')')
 3 SYSTEMPATH\Database\BaseConnection.php(648): CodeIgniter\Database\BaseConnection->simpleQuery('INSERT INTO `pengajuan` (`id_pengaju`, `judul_sk`, `tanggal_pengajuan`, `tembusan`, `menimbang`, `menetapkan`, `memperhatikan`, `mengingat`, `created_at`, `updated_at`) VALUES (\'321412\', \'penundaan skripsi\', \'2004-07-14\', \'dengan ini\', \'mengapa\', \'seterusnya\', \'memperhatikan\', \'diketahui\', \'2024-12-05 10:37:17\', \'2024-12-05 10:37:17\')')
 4 SYSTEMPATH\Database\BaseBuilder.php(2340): CodeIgniter\Database\BaseConnection->query('INSERT INTO `pengajuan` (`id_pengaju`, `judul_sk`, `tanggal_pengajuan`, `tembusan`, `menimbang`, `menetapkan`, `memperhatikan`, `mengingat`, `created_at`, `updated_at`) VALUES (:id_pengaju:, :judul_sk:, :tanggal_pengajuan:, :tembusan:, :menimbang:, :menetapkan:, :memperhatikan:, :mengingat:, :created_at:, :updated_at:)', [...], false)
 5 SYSTEMPATH\Model.php(394): CodeIgniter\Database\BaseBuilder->insert()
 6 SYSTEMPATH\BaseModel.php(840): CodeIgniter\Model->doInsert([...])
 7 SYSTEMPATH\Model.php(802): CodeIgniter\BaseModel->insert([...], false)
 8 SYSTEMPATH\BaseModel.php(751): CodeIgniter\Model->insert([...], false)
 9 APPPATH\Controllers\dashboard.php(71): CodeIgniter\BaseModel->save([...])
10 SYSTEMPATH\CodeIgniter.php(933): App\Controllers\Dashboard->ajukanSK()
11 SYSTEMPATH\CodeIgniter.php(509): CodeIgniter\CodeIgniter->runController(Object(App\Controllers\Dashboard))
12 SYSTEMPATH\CodeIgniter.php(355): CodeIgniter\CodeIgniter->handleRequest(null, Object(Config\Cache), false)
13 SYSTEMPATH\Boot.php(325): CodeIgniter\CodeIgniter->run()
14 SYSTEMPATH\Boot.php(67): CodeIgniter\Boot::runCodeIgniter(Object(CodeIgniter\CodeIgniter))
15 FCPATH\index.php(56): CodeIgniter\Boot::bootWeb(Object(Config\Paths))
INFO - 2024-12-05 10:39:37 --> Session: Class initialized using 'CodeIgniter\Session\Handlers\FileHandler' driver.
INFO - 2024-12-05 10:39:42 --> Session: Class initialized using 'CodeIgniter\Session\Handlers\FileHandler' driver.
ERROR - 2024-12-05 10:39:42 --> mysqli_sql_exception: Unknown column 'created_at' in 'field list' in C:\xampp\htdocs\project_sk\system\Database\MySQLi\Connection.php:312
Stack trace:
#0 C:\xampp\htdocs\project_sk\system\Database\MySQLi\Connection.php(312): mysqli->query('INSERT INTO `pe...', 0)
#1 C:\xampp\htdocs\project_sk\system\Database\BaseConnection.php(734): CodeIgniter\Database\MySQLi\Connection->execute('INSERT INTO `pe...')
#2 C:\xampp\htdocs\project_sk\system\Database\BaseConnection.php(648): CodeIgniter\Database\BaseConnection->simpleQuery('INSERT INTO `pe...')
#3 C:\xampp\htdocs\project_sk\system\Database\BaseBuilder.php(2340): CodeIgniter\Database\BaseConnection->query('INSERT INTO `pe...', Array, false)
#4 C:\xampp\htdocs\project_sk\system\Model.php(394): CodeIgniter\Database\BaseBuilder->insert()
#5 C:\xampp\htdocs\project_sk\system\BaseModel.php(840): CodeIgniter\Model->doInsert(Array)
#6 C:\xampp\htdocs\project_sk\system\Model.php(802): CodeIgniter\BaseModel->insert(Array, false)
#7 C:\xampp\htdocs\project_sk\system\BaseModel.php(751): CodeIgniter\Model->insert(Array, false)
#8 C:\xampp\htdocs\project_sk\app\Controllers\dashboard.php(70): CodeIgniter\BaseModel->save(Array)
#9 C:\xampp\htdocs\project_sk\system\CodeIgniter.php(933): App\Controllers\Dashboard->ajukanSK()
#10 C:\xampp\htdocs\project_sk\system\CodeIgniter.php(509): CodeIgniter\CodeIgniter->runController(Object(App\Controllers\Dashboard))
#11 C:\xampp\htdocs\project_sk\system\CodeIgniter.php(355): CodeIgniter\CodeIgniter->handleRequest(NULL, Object(Config\Cache), false)
#12 C:\xampp\htdocs\project_sk\system\Boot.php(325): CodeIgniter\CodeIgniter->run()
#13 C:\xampp\htdocs\project_sk\system\Boot.php(67): CodeIgniter\Boot::runCodeIgniter(Object(CodeIgniter\CodeIgniter))
#14 C:\xampp\htdocs\project_sk\public\index.php(56): CodeIgniter\Boot::bootWeb(Object(Config\Paths))
#15 {main}
CRITICAL - 2024-12-05 10:39:42 --> CodeIgniter\Database\Exceptions\DatabaseException: Unknown column 'created_at' in 'field list'
[Method: POST, Route: dashboard/ajukanSK]
in SYSTEMPATH\Database\BaseConnection.php on line 688.
 1 SYSTEMPATH\Database\BaseBuilder.php(2340): CodeIgniter\Database\BaseConnection->query('INSERT INTO `pengajuan` (`judul_sk`, `tanggal_pengajuan`, `tembusan`, `menimbang`, `menetapkan`, `memperhatikan`, `mengingat`, `created_at`, `updated_at`) VALUES (:judul_sk:, :tanggal_pengajuan:, :tembusan:, :menimbang:, :menetapkan:, :memperhatikan:, :mengingat:, :created_at:, :updated_at:)', [...], false)
 2 SYSTEMPATH\Model.php(394): CodeIgniter\Database\BaseBuilder->insert()
 3 SYSTEMPATH\BaseModel.php(840): CodeIgniter\Model->doInsert([...])
 4 SYSTEMPATH\Model.php(802): CodeIgniter\BaseModel->insert([...], false)
 5 SYSTEMPATH\BaseModel.php(751): CodeIgniter\Model->insert([...], false)
 6 APPPATH\Controllers\dashboard.php(70): CodeIgniter\BaseModel->save([...])
 7 SYSTEMPATH\CodeIgniter.php(933): App\Controllers\Dashboard->ajukanSK()
 8 SYSTEMPATH\CodeIgniter.php(509): CodeIgniter\CodeIgniter->runController(Object(App\Controllers\Dashboard))
 9 SYSTEMPATH\CodeIgniter.php(355): CodeIgniter\CodeIgniter->handleRequest(null, Object(Config\Cache), false)
10 SYSTEMPATH\Boot.php(325): CodeIgniter\CodeIgniter->run()
11 SYSTEMPATH\Boot.php(67): CodeIgniter\Boot::runCodeIgniter(Object(CodeIgniter\CodeIgniter))
12 FCPATH\index.php(56): CodeIgniter\Boot::bootWeb(Object(Config\Paths))
CRITICAL - 2024-12-05 10:39:42 --> [Caused by] CodeIgniter\Database\Exceptions\DatabaseException: Unknown column 'created_at' in 'field list'
in SYSTEMPATH\Database\MySQLi\Connection.php on line 317.
 1 SYSTEMPATH\Database\BaseConnection.php(734): CodeIgniter\Database\MySQLi\Connection->execute('INSERT INTO `pengajuan` (`judul_sk`, `tanggal_pengajuan`, `tembusan`, `menimbang`, `menetapkan`, `memperhatikan`, `mengingat`, `created_at`, `updated_at`) VALUES (\'penundaan skripsi\', \'2004-07-14\', \'dengan ini\', \'mengapa\', \'seterusnya\', \'memperhatikan\', \'diketahui\', \'2024-12-05 10:39:42\', \'2024-12-05 10:39:42\')')
 2 SYSTEMPATH\Database\BaseConnection.php(648): CodeIgniter\Database\BaseConnection->simpleQuery('INSERT INTO `pengajuan` (`judul_sk`, `tanggal_pengajuan`, `tembusan`, `menimbang`, `menetapkan`, `memperhatikan`, `mengingat`, `created_at`, `updated_at`) VALUES (\'penundaan skripsi\', \'2004-07-14\', \'dengan ini\', \'mengapa\', \'seterusnya\', \'memperhatikan\', \'diketahui\', \'2024-12-05 10:39:42\', \'2024-12-05 10:39:42\')')
 3 SYSTEMPATH\Database\BaseBuilder.php(2340): CodeIgniter\Database\BaseConnection->query('INSERT INTO `pengajuan` (`judul_sk`, `tanggal_pengajuan`, `tembusan`, `menimbang`, `menetapkan`, `memperhatikan`, `mengingat`, `created_at`, `updated_at`) VALUES (:judul_sk:, :tanggal_pengajuan:, :tembusan:, :menimbang:, :menetapkan:, :memperhatikan:, :mengingat:, :created_at:, :updated_at:)', [...], false)
 4 SYSTEMPATH\Model.php(394): CodeIgniter\Database\BaseBuilder->insert()
 5 SYSTEMPATH\BaseModel.php(840): CodeIgniter\Model->doInsert([...])
 6 SYSTEMPATH\Model.php(802): CodeIgniter\BaseModel->insert([...], false)
 7 SYSTEMPATH\BaseModel.php(751): CodeIgniter\Model->insert([...], false)
 8 APPPATH\Controllers\dashboard.php(70): CodeIgniter\BaseModel->save([...])
 9 SYSTEMPATH\CodeIgniter.php(933): App\Controllers\Dashboard->ajukanSK()
10 SYSTEMPATH\CodeIgniter.php(509): CodeIgniter\CodeIgniter->runController(Object(App\Controllers\Dashboard))
11 SYSTEMPATH\CodeIgniter.php(355): CodeIgniter\CodeIgniter->handleRequest(null, Object(Config\Cache), false)
12 SYSTEMPATH\Boot.php(325): CodeIgniter\CodeIgniter->run()
13 SYSTEMPATH\Boot.php(67): CodeIgniter\Boot::runCodeIgniter(Object(CodeIgniter\CodeIgniter))
14 FCPATH\index.php(56): CodeIgniter\Boot::bootWeb(Object(Config\Paths))
CRITICAL - 2024-12-05 10:39:42 --> [Caused by] mysqli_sql_exception: Unknown column 'created_at' in 'field list'
in SYSTEMPATH\Database\MySQLi\Connection.php on line 312.
 1 SYSTEMPATH\Database\MySQLi\Connection.php(312): mysqli->query('INSERT INTO `pengajuan` (`judul_sk`, `tanggal_pengajuan`, `tembusan`, `menimbang`, `menetapkan`, `memperhatikan`, `mengingat`, `created_at`, `updated_at`) VALUES (\'penundaan skripsi\', \'2004-07-14\', \'dengan ini\', \'mengapa\', \'seterusnya\', \'memperhatikan\', \'diketahui\', \'2024-12-05 10:39:42\', \'2024-12-05 10:39:42\')', 0)
 2 SYSTEMPATH\Database\BaseConnection.php(734): CodeIgniter\Database\MySQLi\Connection->execute('INSERT INTO `pengajuan` (`judul_sk`, `tanggal_pengajuan`, `tembusan`, `menimbang`, `menetapkan`, `memperhatikan`, `mengingat`, `created_at`, `updated_at`) VALUES (\'penundaan skripsi\', \'2004-07-14\', \'dengan ini\', \'mengapa\', \'seterusnya\', \'memperhatikan\', \'diketahui\', \'2024-12-05 10:39:42\', \'2024-12-05 10:39:42\')')
 3 SYSTEMPATH\Database\BaseConnection.php(648): CodeIgniter\Database\BaseConnection->simpleQuery('INSERT INTO `pengajuan` (`judul_sk`, `tanggal_pengajuan`, `tembusan`, `menimbang`, `menetapkan`, `memperhatikan`, `mengingat`, `created_at`, `updated_at`) VALUES (\'penundaan skripsi\', \'2004-07-14\', \'dengan ini\', \'mengapa\', \'seterusnya\', \'memperhatikan\', \'diketahui\', \'2024-12-05 10:39:42\', \'2024-12-05 10:39:42\')')
 4 SYSTEMPATH\Database\BaseBuilder.php(2340): CodeIgniter\Database\BaseConnection->query('INSERT INTO `pengajuan` (`judul_sk`, `tanggal_pengajuan`, `tembusan`, `menimbang`, `menetapkan`, `memperhatikan`, `mengingat`, `created_at`, `updated_at`) VALUES (:judul_sk:, :tanggal_pengajuan:, :tembusan:, :menimbang:, :menetapkan:, :memperhatikan:, :mengingat:, :created_at:, :updated_at:)', [...], false)
 5 SYSTEMPATH\Model.php(394): CodeIgniter\Database\BaseBuilder->insert()
 6 SYSTEMPATH\BaseModel.php(840): CodeIgniter\Model->doInsert([...])
 7 SYSTEMPATH\Model.php(802): CodeIgniter\BaseModel->insert([...], false)
 8 SYSTEMPATH\BaseModel.php(751): CodeIgniter\Model->insert([...], false)
 9 APPPATH\Controllers\dashboard.php(70): CodeIgniter\BaseModel->save([...])
10 SYSTEMPATH\CodeIgniter.php(933): App\Controllers\Dashboard->ajukanSK()
11 SYSTEMPATH\CodeIgniter.php(509): CodeIgniter\CodeIgniter->runController(Object(App\Controllers\Dashboard))
12 SYSTEMPATH\CodeIgniter.php(355): CodeIgniter\CodeIgniter->handleRequest(null, Object(Config\Cache), false)
13 SYSTEMPATH\Boot.php(325): CodeIgniter\CodeIgniter->run()
14 SYSTEMPATH\Boot.php(67): CodeIgniter\Boot::runCodeIgniter(Object(CodeIgniter\CodeIgniter))
15 FCPATH\index.php(56): CodeIgniter\Boot::bootWeb(Object(Config\Paths))
INFO - 2024-12-05 10:41:22 --> Session: Class initialized using 'CodeIgniter\Session\Handlers\FileHandler' driver.
INFO - 2024-12-05 10:41:24 --> Session: Class initialized using 'CodeIgniter\Session\Handlers\FileHandler' driver.
ERROR - 2024-12-05 10:41:24 --> mysqli_sql_exception: Unknown column 'created_at' in 'field list' in C:\xampp\htdocs\project_sk\system\Database\MySQLi\Connection.php:312
Stack trace:
#0 C:\xampp\htdocs\project_sk\system\Database\MySQLi\Connection.php(312): mysqli->query('INSERT INTO `pe...', 0)
#1 C:\xampp\htdocs\project_sk\system\Database\BaseConnection.php(734): CodeIgniter\Database\MySQLi\Connection->execute('INSERT INTO `pe...')
#2 C:\xampp\htdocs\project_sk\system\Database\BaseConnection.php(648): CodeIgniter\Database\BaseConnection->simpleQuery('INSERT INTO `pe...')
#3 C:\xampp\htdocs\project_sk\system\Database\BaseBuilder.php(2340): CodeIgniter\Database\BaseConnection->query('INSERT INTO `pe...', Array, false)
#4 C:\xampp\htdocs\project_sk\system\Model.php(394): CodeIgniter\Database\BaseBuilder->insert()
#5 C:\xampp\htdocs\project_sk\system\BaseModel.php(840): CodeIgniter\Model->doInsert(Array)
#6 C:\xampp\htdocs\project_sk\system\Model.php(802): CodeIgniter\BaseModel->insert(Array, false)
#7 C:\xampp\htdocs\project_sk\system\BaseModel.php(751): CodeIgniter\Model->insert(Array, false)
#8 C:\xampp\htdocs\project_sk\app\Controllers\dashboard.php(70): CodeIgniter\BaseModel->save(Array)
#9 C:\xampp\htdocs\project_sk\system\CodeIgniter.php(933): App\Controllers\Dashboard->ajukanSK()
#10 C:\xampp\htdocs\project_sk\system\CodeIgniter.php(509): CodeIgniter\CodeIgniter->runController(Object(App\Controllers\Dashboard))
#11 C:\xampp\htdocs\project_sk\system\CodeIgniter.php(355): CodeIgniter\CodeIgniter->handleRequest(NULL, Object(Config\Cache), false)
#12 C:\xampp\htdocs\project_sk\system\Boot.php(325): CodeIgniter\CodeIgniter->run()
#13 C:\xampp\htdocs\project_sk\system\Boot.php(67): CodeIgniter\Boot::runCodeIgniter(Object(CodeIgniter\CodeIgniter))
#14 C:\xampp\htdocs\project_sk\public\index.php(56): CodeIgniter\Boot::bootWeb(Object(Config\Paths))
#15 {main}
CRITICAL - 2024-12-05 10:41:24 --> CodeIgniter\Database\Exceptions\DatabaseException: Unknown column 'created_at' in 'field list'
[Method: POST, Route: dashboard/ajukanSK]
in SYSTEMPATH\Database\BaseConnection.php on line 688.
 1 SYSTEMPATH\Database\BaseBuilder.php(2340): CodeIgniter\Database\BaseConnection->query('INSERT INTO `pengajuan` (`judul_sk`, `tanggal_pengajuan`, `tembusan`, `menimbang`, `menetapkan`, `memperhatikan`, `mengingat`, `created_at`, `updated_at`) VALUES (:judul_sk:, :tanggal_pengajuan:, :tembusan:, :menimbang:, :menetapkan:, :memperhatikan:, :mengingat:, :created_at:, :updated_at:)', [...], false)
 2 SYSTEMPATH\Model.php(394): CodeIgniter\Database\BaseBuilder->insert()
 3 SYSTEMPATH\BaseModel.php(840): CodeIgniter\Model->doInsert([...])
 4 SYSTEMPATH\Model.php(802): CodeIgniter\BaseModel->insert([...], false)
 5 SYSTEMPATH\BaseModel.php(751): CodeIgniter\Model->insert([...], false)
 6 APPPATH\Controllers\dashboard.php(70): CodeIgniter\BaseModel->save([...])
 7 SYSTEMPATH\CodeIgniter.php(933): App\Controllers\Dashboard->ajukanSK()
 8 SYSTEMPATH\CodeIgniter.php(509): CodeIgniter\CodeIgniter->runController(Object(App\Controllers\Dashboard))
 9 SYSTEMPATH\CodeIgniter.php(355): CodeIgniter\CodeIgniter->handleRequest(null, Object(Config\Cache), false)
10 SYSTEMPATH\Boot.php(325): CodeIgniter\CodeIgniter->run()
11 SYSTEMPATH\Boot.php(67): CodeIgniter\Boot::runCodeIgniter(Object(CodeIgniter\CodeIgniter))
12 FCPATH\index.php(56): CodeIgniter\Boot::bootWeb(Object(Config\Paths))
CRITICAL - 2024-12-05 10:41:24 --> [Caused by] CodeIgniter\Database\Exceptions\DatabaseException: Unknown column 'created_at' in 'field list'
in SYSTEMPATH\Database\MySQLi\Connection.php on line 317.
 1 SYSTEMPATH\Database\BaseConnection.php(734): CodeIgniter\Database\MySQLi\Connection->execute('INSERT INTO `pengajuan` (`judul_sk`, `tanggal_pengajuan`, `tembusan`, `menimbang`, `menetapkan`, `memperhatikan`, `mengingat`, `created_at`, `updated_at`) VALUES (\'penundaan skripsi\', \'2004-07-14\', \'dengan ini\', \'mengapa\', \'seterusnya\', \'memperhatikan\', \'diketahui\', \'2024-12-05 10:41:24\', \'2024-12-05 10:41:24\')')
 2 SYSTEMPATH\Database\BaseConnection.php(648): CodeIgniter\Database\BaseConnection->simpleQuery('INSERT INTO `pengajuan` (`judul_sk`, `tanggal_pengajuan`, `tembusan`, `menimbang`, `menetapkan`, `memperhatikan`, `mengingat`, `created_at`, `updated_at`) VALUES (\'penundaan skripsi\', \'2004-07-14\', \'dengan ini\', \'mengapa\', \'seterusnya\', \'memperhatikan\', \'diketahui\', \'2024-12-05 10:41:24\', \'2024-12-05 10:41:24\')')
 3 SYSTEMPATH\Database\BaseBuilder.php(2340): CodeIgniter\Database\BaseConnection->query('INSERT INTO `pengajuan` (`judul_sk`, `tanggal_pengajuan`, `tembusan`, `menimbang`, `menetapkan`, `memperhatikan`, `mengingat`, `created_at`, `updated_at`) VALUES (:judul_sk:, :tanggal_pengajuan:, :tembusan:, :menimbang:, :menetapkan:, :memperhatikan:, :mengingat:, :created_at:, :updated_at:)', [...], false)
 4 SYSTEMPATH\Model.php(394): CodeIgniter\Database\BaseBuilder->insert()
 5 SYSTEMPATH\BaseModel.php(840): CodeIgniter\Model->doInsert([...])
 6 SYSTEMPATH\Model.php(802): CodeIgniter\BaseModel->insert([...], false)
 7 SYSTEMPATH\BaseModel.php(751): CodeIgniter\Model->insert([...], false)
 8 APPPATH\Controllers\dashboard.php(70): CodeIgniter\BaseModel->save([...])
 9 SYSTEMPATH\CodeIgniter.php(933): App\Controllers\Dashboard->ajukanSK()
10 SYSTEMPATH\CodeIgniter.php(509): CodeIgniter\CodeIgniter->runController(Object(App\Controllers\Dashboard))
11 SYSTEMPATH\CodeIgniter.php(355): CodeIgniter\CodeIgniter->handleRequest(null, Object(Config\Cache), false)
12 SYSTEMPATH\Boot.php(325): CodeIgniter\CodeIgniter->run()
13 SYSTEMPATH\Boot.php(67): CodeIgniter\Boot::runCodeIgniter(Object(CodeIgniter\CodeIgniter))
14 FCPATH\index.php(56): CodeIgniter\Boot::bootWeb(Object(Config\Paths))
CRITICAL - 2024-12-05 10:41:24 --> [Caused by] mysqli_sql_exception: Unknown column 'created_at' in 'field list'
in SYSTEMPATH\Database\MySQLi\Connection.php on line 312.
 1 SYSTEMPATH\Database\MySQLi\Connection.php(312): mysqli->query('INSERT INTO `pengajuan` (`judul_sk`, `tanggal_pengajuan`, `tembusan`, `menimbang`, `menetapkan`, `memperhatikan`, `mengingat`, `created_at`, `updated_at`) VALUES (\'penundaan skripsi\', \'2004-07-14\', \'dengan ini\', \'mengapa\', \'seterusnya\', \'memperhatikan\', \'diketahui\', \'2024-12-05 10:41:24\', \'2024-12-05 10:41:24\')', 0)
 2 SYSTEMPATH\Database\BaseConnection.php(734): CodeIgniter\Database\MySQLi\Connection->execute('INSERT INTO `pengajuan` (`judul_sk`, `tanggal_pengajuan`, `tembusan`, `menimbang`, `menetapkan`, `memperhatikan`, `mengingat`, `created_at`, `updated_at`) VALUES (\'penundaan skripsi\', \'2004-07-14\', \'dengan ini\', \'mengapa\', \'seterusnya\', \'memperhatikan\', \'diketahui\', \'2024-12-05 10:41:24\', \'2024-12-05 10:41:24\')')
 3 SYSTEMPATH\Database\BaseConnection.php(648): CodeIgniter\Database\BaseConnection->simpleQuery('INSERT INTO `pengajuan` (`judul_sk`, `tanggal_pengajuan`, `tembusan`, `menimbang`, `menetapkan`, `memperhatikan`, `mengingat`, `created_at`, `updated_at`) VALUES (\'penundaan skripsi\', \'2004-07-14\', \'dengan ini\', \'mengapa\', \'seterusnya\', \'memperhatikan\', \'diketahui\', \'2024-12-05 10:41:24\', \'2024-12-05 10:41:24\')')
 4 SYSTEMPATH\Database\BaseBuilder.php(2340): CodeIgniter\Database\BaseConnection->query('INSERT INTO `pengajuan` (`judul_sk`, `tanggal_pengajuan`, `tembusan`, `menimbang`, `menetapkan`, `memperhatikan`, `mengingat`, `created_at`, `updated_at`) VALUES (:judul_sk:, :tanggal_pengajuan:, :tembusan:, :menimbang:, :menetapkan:, :memperhatikan:, :mengingat:, :created_at:, :updated_at:)', [...], false)
 5 SYSTEMPATH\Model.php(394): CodeIgniter\Database\BaseBuilder->insert()
 6 SYSTEMPATH\BaseModel.php(840): CodeIgniter\Model->doInsert([...])
 7 SYSTEMPATH\Model.php(802): CodeIgniter\BaseModel->insert([...], false)
 8 SYSTEMPATH\BaseModel.php(751): CodeIgniter\Model->insert([...], false)
 9 APPPATH\Controllers\dashboard.php(70): CodeIgniter\BaseModel->save([...])
10 SYSTEMPATH\CodeIgniter.php(933): App\Controllers\Dashboard->ajukanSK()
11 SYSTEMPATH\CodeIgniter.php(509): CodeIgniter\CodeIgniter->runController(Object(App\Controllers\Dashboard))
12 SYSTEMPATH\CodeIgniter.php(355): CodeIgniter\CodeIgniter->handleRequest(null, Object(Config\Cache), false)
13 SYSTEMPATH\Boot.php(325): CodeIgniter\CodeIgniter->run()
14 SYSTEMPATH\Boot.php(67): CodeIgniter\Boot::runCodeIgniter(Object(CodeIgniter\CodeIgniter))
15 FCPATH\index.php(56): CodeIgniter\Boot::bootWeb(Object(Config\Paths))
INFO - 2024-12-05 10:41:27 --> Session: Class initialized using 'CodeIgniter\Session\Handlers\FileHandler' driver.
INFO - 2024-12-05 10:41:43 --> Session: Class initialized using 'CodeIgniter\Session\Handlers\FileHandler' driver.
INFO - 2024-12-05 10:42:17 --> Session: Class initialized using 'CodeIgniter\Session\Handlers\FileHandler' driver.
ERROR - 2024-12-05 10:42:17 --> mysqli_sql_exception: Unknown column 'created_at' in 'field list' in C:\xampp\htdocs\project_sk\system\Database\MySQLi\Connection.php:312
Stack trace:
#0 C:\xampp\htdocs\project_sk\system\Database\MySQLi\Connection.php(312): mysqli->query('INSERT INTO `pe...', 0)
#1 C:\xampp\htdocs\project_sk\system\Database\BaseConnection.php(734): CodeIgniter\Database\MySQLi\Connection->execute('INSERT INTO `pe...')
#2 C:\xampp\htdocs\project_sk\system\Database\BaseConnection.php(648): CodeIgniter\Database\BaseConnection->simpleQuery('INSERT INTO `pe...')
#3 C:\xampp\htdocs\project_sk\system\Database\BaseBuilder.php(2340): CodeIgniter\Database\BaseConnection->query('INSERT INTO `pe...', Array, false)
#4 C:\xampp\htdocs\project_sk\system\Model.php(394): CodeIgniter\Database\BaseBuilder->insert()
#5 C:\xampp\htdocs\project_sk\system\BaseModel.php(840): CodeIgniter\Model->doInsert(Array)
#6 C:\xampp\htdocs\project_sk\system\Model.php(802): CodeIgniter\BaseModel->insert(Array, false)
#7 C:\xampp\htdocs\project_sk\system\BaseModel.php(751): CodeIgniter\Model->insert(Array, false)
#8 C:\xampp\htdocs\project_sk\app\Controllers\dashboard.php(70): CodeIgniter\BaseModel->save(Array)
#9 C:\xampp\htdocs\project_sk\system\CodeIgniter.php(933): App\Controllers\Dashboard->ajukanSK()
#10 C:\xampp\htdocs\project_sk\system\CodeIgniter.php(509): CodeIgniter\CodeIgniter->runController(Object(App\Controllers\Dashboard))
#11 C:\xampp\htdocs\project_sk\system\CodeIgniter.php(355): CodeIgniter\CodeIgniter->handleRequest(NULL, Object(Config\Cache), false)
#12 C:\xampp\htdocs\project_sk\system\Boot.php(325): CodeIgniter\CodeIgniter->run()
#13 C:\xampp\htdocs\project_sk\system\Boot.php(67): CodeIgniter\Boot::runCodeIgniter(Object(CodeIgniter\CodeIgniter))
#14 C:\xampp\htdocs\project_sk\public\index.php(56): CodeIgniter\Boot::bootWeb(Object(Config\Paths))
#15 {main}
CRITICAL - 2024-12-05 10:42:17 --> CodeIgniter\Database\Exceptions\DatabaseException: Unknown column 'created_at' in 'field list'
[Method: POST, Route: dashboard/ajukanSK]
in SYSTEMPATH\Database\BaseConnection.php on line 688.
 1 SYSTEMPATH\Database\BaseBuilder.php(2340): CodeIgniter\Database\BaseConnection->query('INSERT INTO `pengajuan` (`judul_sk`, `tanggal_pengajuan`, `tembusan`, `menimbang`, `menetapkan`, `memperhatikan`, `mengingat`, `created_at`, `updated_at`) VALUES (:judul_sk:, :tanggal_pengajuan:, :tembusan:, :menimbang:, :menetapkan:, :memperhatikan:, :mengingat:, :created_at:, :updated_at:)', [...], false)
 2 SYSTEMPATH\Model.php(394): CodeIgniter\Database\BaseBuilder->insert()
 3 SYSTEMPATH\BaseModel.php(840): CodeIgniter\Model->doInsert([...])
 4 SYSTEMPATH\Model.php(802): CodeIgniter\BaseModel->insert([...], false)
 5 SYSTEMPATH\BaseModel.php(751): CodeIgniter\Model->insert([...], false)
 6 APPPATH\Controllers\dashboard.php(70): CodeIgniter\BaseModel->save([...])
 7 SYSTEMPATH\CodeIgniter.php(933): App\Controllers\Dashboard->ajukanSK()
 8 SYSTEMPATH\CodeIgniter.php(509): CodeIgniter\CodeIgniter->runController(Object(App\Controllers\Dashboard))
 9 SYSTEMPATH\CodeIgniter.php(355): CodeIgniter\CodeIgniter->handleRequest(null, Object(Config\Cache), false)
10 SYSTEMPATH\Boot.php(325): CodeIgniter\CodeIgniter->run()
11 SYSTEMPATH\Boot.php(67): CodeIgniter\Boot::runCodeIgniter(Object(CodeIgniter\CodeIgniter))
12 FCPATH\index.php(56): CodeIgniter\Boot::bootWeb(Object(Config\Paths))
CRITICAL - 2024-12-05 10:42:17 --> [Caused by] CodeIgniter\Database\Exceptions\DatabaseException: Unknown column 'created_at' in 'field list'
in SYSTEMPATH\Database\MySQLi\Connection.php on line 317.
 1 SYSTEMPATH\Database\BaseConnection.php(734): CodeIgniter\Database\MySQLi\Connection->execute('INSERT INTO `pengajuan` (`judul_sk`, `tanggal_pengajuan`, `tembusan`, `menimbang`, `menetapkan`, `memperhatikan`, `mengingat`, `created_at`, `updated_at`) VALUES (\'kaka\', \'2004-07-14\', \'kalaldld\', \'akhcahacha\', \'aaacljacjl\', \'aclacaclac\', \'hkadagfakflsls\', \'2024-12-05 10:42:17\', \'2024-12-05 10:42:17\')')
 2 SYSTEMPATH\Database\BaseConnection.php(648): CodeIgniter\Database\BaseConnection->simpleQuery('INSERT INTO `pengajuan` (`judul_sk`, `tanggal_pengajuan`, `tembusan`, `menimbang`, `menetapkan`, `memperhatikan`, `mengingat`, `created_at`, `updated_at`) VALUES (\'kaka\', \'2004-07-14\', \'kalaldld\', \'akhcahacha\', \'aaacljacjl\', \'aclacaclac\', \'hkadagfakflsls\', \'2024-12-05 10:42:17\', \'2024-12-05 10:42:17\')')
 3 SYSTEMPATH\Database\BaseBuilder.php(2340): CodeIgniter\Database\BaseConnection->query('INSERT INTO `pengajuan` (`judul_sk`, `tanggal_pengajuan`, `tembusan`, `menimbang`, `menetapkan`, `memperhatikan`, `mengingat`, `created_at`, `updated_at`) VALUES (:judul_sk:, :tanggal_pengajuan:, :tembusan:, :menimbang:, :menetapkan:, :memperhatikan:, :mengingat:, :created_at:, :updated_at:)', [...], false)
 4 SYSTEMPATH\Model.php(394): CodeIgniter\Database\BaseBuilder->insert()
 5 SYSTEMPATH\BaseModel.php(840): CodeIgniter\Model->doInsert([...])
 6 SYSTEMPATH\Model.php(802): CodeIgniter\BaseModel->insert([...], false)
 7 SYSTEMPATH\BaseModel.php(751): CodeIgniter\Model->insert([...], false)
 8 APPPATH\Controllers\dashboard.php(70): CodeIgniter\BaseModel->save([...])
 9 SYSTEMPATH\CodeIgniter.php(933): App\Controllers\Dashboard->ajukanSK()
10 SYSTEMPATH\CodeIgniter.php(509): CodeIgniter\CodeIgniter->runController(Object(App\Controllers\Dashboard))
11 SYSTEMPATH\CodeIgniter.php(355): CodeIgniter\CodeIgniter->handleRequest(null, Object(Config\Cache), false)
12 SYSTEMPATH\Boot.php(325): CodeIgniter\CodeIgniter->run()
13 SYSTEMPATH\Boot.php(67): CodeIgniter\Boot::runCodeIgniter(Object(CodeIgniter\CodeIgniter))
14 FCPATH\index.php(56): CodeIgniter\Boot::bootWeb(Object(Config\Paths))
CRITICAL - 2024-12-05 10:42:17 --> [Caused by] mysqli_sql_exception: Unknown column 'created_at' in 'field list'
in SYSTEMPATH\Database\MySQLi\Connection.php on line 312.
 1 SYSTEMPATH\Database\MySQLi\Connection.php(312): mysqli->query('INSERT INTO `pengajuan` (`judul_sk`, `tanggal_pengajuan`, `tembusan`, `menimbang`, `menetapkan`, `memperhatikan`, `mengingat`, `created_at`, `updated_at`) VALUES (\'kaka\', \'2004-07-14\', \'kalaldld\', \'akhcahacha\', \'aaacljacjl\', \'aclacaclac\', \'hkadagfakflsls\', \'2024-12-05 10:42:17\', \'2024-12-05 10:42:17\')', 0)
 2 SYSTEMPATH\Database\BaseConnection.php(734): CodeIgniter\Database\MySQLi\Connection->execute('INSERT INTO `pengajuan` (`judul_sk`, `tanggal_pengajuan`, `tembusan`, `menimbang`, `menetapkan`, `memperhatikan`, `mengingat`, `created_at`, `updated_at`) VALUES (\'kaka\', \'2004-07-14\', \'kalaldld\', \'akhcahacha\', \'aaacljacjl\', \'aclacaclac\', \'hkadagfakflsls\', \'2024-12-05 10:42:17\', \'2024-12-05 10:42:17\')')
 3 SYSTEMPATH\Database\BaseConnection.php(648): CodeIgniter\Database\BaseConnection->simpleQuery('INSERT INTO `pengajuan` (`judul_sk`, `tanggal_pengajuan`, `tembusan`, `menimbang`, `menetapkan`, `memperhatikan`, `mengingat`, `created_at`, `updated_at`) VALUES (\'kaka\', \'2004-07-14\', \'kalaldld\', \'akhcahacha\', \'aaacljacjl\', \'aclacaclac\', \'hkadagfakflsls\', \'2024-12-05 10:42:17\', \'2024-12-05 10:42:17\')')
 4 SYSTEMPATH\Database\BaseBuilder.php(2340): CodeIgniter\Database\BaseConnection->query('INSERT INTO `pengajuan` (`judul_sk`, `tanggal_pengajuan`, `tembusan`, `menimbang`, `menetapkan`, `memperhatikan`, `mengingat`, `created_at`, `updated_at`) VALUES (:judul_sk:, :tanggal_pengajuan:, :tembusan:, :menimbang:, :menetapkan:, :memperhatikan:, :mengingat:, :created_at:, :updated_at:)', [...], false)
 5 SYSTEMPATH\Model.php(394): CodeIgniter\Database\BaseBuilder->insert()
 6 SYSTEMPATH\BaseModel.php(840): CodeIgniter\Model->doInsert([...])
 7 SYSTEMPATH\Model.php(802): CodeIgniter\BaseModel->insert([...], false)
 8 SYSTEMPATH\BaseModel.php(751): CodeIgniter\Model->insert([...], false)
 9 APPPATH\Controllers\dashboard.php(70): CodeIgniter\BaseModel->save([...])
10 SYSTEMPATH\CodeIgniter.php(933): App\Controllers\Dashboard->ajukanSK()
11 SYSTEMPATH\CodeIgniter.php(509): CodeIgniter\CodeIgniter->runController(Object(App\Controllers\Dashboard))
12 SYSTEMPATH\CodeIgniter.php(355): CodeIgniter\CodeIgniter->handleRequest(null, Object(Config\Cache), false)
13 SYSTEMPATH\Boot.php(325): CodeIgniter\CodeIgniter->run()
14 SYSTEMPATH\Boot.php(67): CodeIgniter\Boot::runCodeIgniter(Object(CodeIgniter\CodeIgniter))
15 FCPATH\index.php(56): CodeIgniter\Boot::bootWeb(Object(Config\Paths))
INFO - 2024-12-05 10:47:37 --> Session: Class initialized using 'CodeIgniter\Session\Handlers\FileHandler' driver.
INFO - 2024-12-05 10:47:38 --> Session: Class initialized using 'CodeIgniter\Session\Handlers\FileHandler' driver.
ERROR - 2024-12-05 10:47:38 --> mysqli_sql_exception: Cannot add or update a child row: a foreign key constraint fails (`sk`.`pengajuan`, CONSTRAINT `pengajuan_ibfk_1` FOREIGN KEY (`id_pengaju`) REFERENCES `pengaju_sk` (`id_pengaju`)) in C:\xampp\htdocs\project_sk\system\Database\MySQLi\Connection.php:312
Stack trace:
#0 C:\xampp\htdocs\project_sk\system\Database\MySQLi\Connection.php(312): mysqli->query('INSERT INTO `pe...', 0)
#1 C:\xampp\htdocs\project_sk\system\Database\BaseConnection.php(734): CodeIgniter\Database\MySQLi\Connection->execute('INSERT INTO `pe...')
#2 C:\xampp\htdocs\project_sk\system\Database\BaseConnection.php(648): CodeIgniter\Database\BaseConnection->simpleQuery('INSERT INTO `pe...')
#3 C:\xampp\htdocs\project_sk\system\Database\BaseBuilder.php(2340): CodeIgniter\Database\BaseConnection->query('INSERT INTO `pe...', Array, false)
#4 C:\xampp\htdocs\project_sk\system\Model.php(394): CodeIgniter\Database\BaseBuilder->insert()
#5 C:\xampp\htdocs\project_sk\system\BaseModel.php(840): CodeIgniter\Model->doInsert(Array)
#6 C:\xampp\htdocs\project_sk\system\Model.php(802): CodeIgniter\BaseModel->insert(Array, false)
#7 C:\xampp\htdocs\project_sk\system\BaseModel.php(751): CodeIgniter\Model->insert(Array, false)
#8 C:\xampp\htdocs\project_sk\app\Controllers\dashboard.php(70): CodeIgniter\BaseModel->save(Array)
#9 C:\xampp\htdocs\project_sk\system\CodeIgniter.php(933): App\Controllers\Dashboard->ajukanSK()
#10 C:\xampp\htdocs\project_sk\system\CodeIgniter.php(509): CodeIgniter\CodeIgniter->runController(Object(App\Controllers\Dashboard))
#11 C:\xampp\htdocs\project_sk\system\CodeIgniter.php(355): CodeIgniter\CodeIgniter->handleRequest(NULL, Object(Config\Cache), false)
#12 C:\xampp\htdocs\project_sk\system\Boot.php(325): CodeIgniter\CodeIgniter->run()
#13 C:\xampp\htdocs\project_sk\system\Boot.php(67): CodeIgniter\Boot::runCodeIgniter(Object(CodeIgniter\CodeIgniter))
#14 C:\xampp\htdocs\project_sk\public\index.php(56): CodeIgniter\Boot::bootWeb(Object(Config\Paths))
#15 {main}
CRITICAL - 2024-12-05 10:47:38 --> CodeIgniter\Database\Exceptions\DatabaseException: Cannot add or update a child row: a foreign key constraint fails (`sk`.`pengajuan`, CONSTRAINT `pengajuan_ibfk_1` FOREIGN KEY (`id_pengaju`) REFERENCES `pengaju_sk` (`id_pengaju`))
[Method: POST, Route: dashboard/ajukanSK]
in SYSTEMPATH\Database\BaseConnection.php on line 688.
 1 SYSTEMPATH\Database\BaseBuilder.php(2340): CodeIgniter\Database\BaseConnection->query('INSERT INTO `pengajuan` (`judul_sk`, `tanggal_pengajuan`, `tembusan`, `menimbang`, `menetapkan`, `memperhatikan`, `mengingat`, `created_at`, `updated_at`) VALUES (:judul_sk:, :tanggal_pengajuan:, :tembusan:, :menimbang:, :menetapkan:, :memperhatikan:, :mengingat:, :created_at:, :updated_at:)', [...], false)
 2 SYSTEMPATH\Model.php(394): CodeIgniter\Database\BaseBuilder->insert()
 3 SYSTEMPATH\BaseModel.php(840): CodeIgniter\Model->doInsert([...])
 4 SYSTEMPATH\Model.php(802): CodeIgniter\BaseModel->insert([...], false)
 5 SYSTEMPATH\BaseModel.php(751): CodeIgniter\Model->insert([...], false)
 6 APPPATH\Controllers\dashboard.php(70): CodeIgniter\BaseModel->save([...])
 7 SYSTEMPATH\CodeIgniter.php(933): App\Controllers\Dashboard->ajukanSK()
 8 SYSTEMPATH\CodeIgniter.php(509): CodeIgniter\CodeIgniter->runController(Object(App\Controllers\Dashboard))
 9 SYSTEMPATH\CodeIgniter.php(355): CodeIgniter\CodeIgniter->handleRequest(null, Object(Config\Cache), false)
10 SYSTEMPATH\Boot.php(325): CodeIgniter\CodeIgniter->run()
11 SYSTEMPATH\Boot.php(67): CodeIgniter\Boot::runCodeIgniter(Object(CodeIgniter\CodeIgniter))
12 FCPATH\index.php(56): CodeIgniter\Boot::bootWeb(Object(Config\Paths))
CRITICAL - 2024-12-05 10:47:38 --> [Caused by] CodeIgniter\Database\Exceptions\DatabaseException: Cannot add or update a child row: a foreign key constraint fails (`sk`.`pengajuan`, CONSTRAINT `pengajuan_ibfk_1` FOREIGN KEY (`id_pengaju`) REFERENCES `pengaju_sk` (`id_pengaju`))
in SYSTEMPATH\Database\MySQLi\Connection.php on line 317.
 1 SYSTEMPATH\Database\BaseConnection.php(734): CodeIgniter\Database\MySQLi\Connection->execute('INSERT INTO `pengajuan` (`judul_sk`, `tanggal_pengajuan`, `tembusan`, `menimbang`, `menetapkan`, `memperhatikan`, `mengingat`, `created_at`, `updated_at`) VALUES (\'kaka\', \'2004-07-14\', \'kalaldld\', \'akhcahacha\', \'aaacljacjl\', \'aclacaclac\', \'hkadagfakflsls\', \'2024-12-05 10:47:38\', \'2024-12-05 10:47:38\')')
 2 SYSTEMPATH\Database\BaseConnection.php(648): CodeIgniter\Database\BaseConnection->simpleQuery('INSERT INTO `pengajuan` (`judul_sk`, `tanggal_pengajuan`, `tembusan`, `menimbang`, `menetapkan`, `memperhatikan`, `mengingat`, `created_at`, `updated_at`) VALUES (\'kaka\', \'2004-07-14\', \'kalaldld\', \'akhcahacha\', \'aaacljacjl\', \'aclacaclac\', \'hkadagfakflsls\', \'2024-12-05 10:47:38\', \'2024-12-05 10:47:38\')')
 3 SYSTEMPATH\Database\BaseBuilder.php(2340): CodeIgniter\Database\BaseConnection->query('INSERT INTO `pengajuan` (`judul_sk`, `tanggal_pengajuan`, `tembusan`, `menimbang`, `menetapkan`, `memperhatikan`, `mengingat`, `created_at`, `updated_at`) VALUES (:judul_sk:, :tanggal_pengajuan:, :tembusan:, :menimbang:, :menetapkan:, :memperhatikan:, :mengingat:, :created_at:, :updated_at:)', [...], false)
 4 SYSTEMPATH\Model.php(394): CodeIgniter\Database\BaseBuilder->insert()
 5 SYSTEMPATH\BaseModel.php(840): CodeIgniter\Model->doInsert([...])
 6 SYSTEMPATH\Model.php(802): CodeIgniter\BaseModel->insert([...], false)
 7 SYSTEMPATH\BaseModel.php(751): CodeIgniter\Model->insert([...], false)
 8 APPPATH\Controllers\dashboard.php(70): CodeIgniter\BaseModel->save([...])
 9 SYSTEMPATH\CodeIgniter.php(933): App\Controllers\Dashboard->ajukanSK()
10 SYSTEMPATH\CodeIgniter.php(509): CodeIgniter\CodeIgniter->runController(Object(App\Controllers\Dashboard))
11 SYSTEMPATH\CodeIgniter.php(355): CodeIgniter\CodeIgniter->handleRequest(null, Object(Config\Cache), false)
12 SYSTEMPATH\Boot.php(325): CodeIgniter\CodeIgniter->run()
13 SYSTEMPATH\Boot.php(67): CodeIgniter\Boot::runCodeIgniter(Object(CodeIgniter\CodeIgniter))
14 FCPATH\index.php(56): CodeIgniter\Boot::bootWeb(Object(Config\Paths))
CRITICAL - 2024-12-05 10:47:38 --> [Caused by] mysqli_sql_exception: Cannot add or update a child row: a foreign key constraint fails (`sk`.`pengajuan`, CONSTRAINT `pengajuan_ibfk_1` FOREIGN KEY (`id_pengaju`) REFERENCES `pengaju_sk` (`id_pengaju`))
in SYSTEMPATH\Database\MySQLi\Connection.php on line 312.
 1 SYSTEMPATH\Database\MySQLi\Connection.php(312): mysqli->query('INSERT INTO `pengajuan` (`judul_sk`, `tanggal_pengajuan`, `tembusan`, `menimbang`, `menetapkan`, `memperhatikan`, `mengingat`, `created_at`, `updated_at`) VALUES (\'kaka\', \'2004-07-14\', \'kalaldld\', \'akhcahacha\', \'aaacljacjl\', \'aclacaclac\', \'hkadagfakflsls\', \'2024-12-05 10:47:38\', \'2024-12-05 10:47:38\')', 0)
 2 SYSTEMPATH\Database\BaseConnection.php(734): CodeIgniter\Database\MySQLi\Connection->execute('INSERT INTO `pengajuan` (`judul_sk`, `tanggal_pengajuan`, `tembusan`, `menimbang`, `menetapkan`, `memperhatikan`, `mengingat`, `created_at`, `updated_at`) VALUES (\'kaka\', \'2004-07-14\', \'kalaldld\', \'akhcahacha\', \'aaacljacjl\', \'aclacaclac\', \'hkadagfakflsls\', \'2024-12-05 10:47:38\', \'2024-12-05 10:47:38\')')
 3 SYSTEMPATH\Database\BaseConnection.php(648): CodeIgniter\Database\BaseConnection->simpleQuery('INSERT INTO `pengajuan` (`judul_sk`, `tanggal_pengajuan`, `tembusan`, `menimbang`, `menetapkan`, `memperhatikan`, `mengingat`, `created_at`, `updated_at`) VALUES (\'kaka\', \'2004-07-14\', \'kalaldld\', \'akhcahacha\', \'aaacljacjl\', \'aclacaclac\', \'hkadagfakflsls\', \'2024-12-05 10:47:38\', \'2024-12-05 10:47:38\')')
 4 SYSTEMPATH\Database\BaseBuilder.php(2340): CodeIgniter\Database\BaseConnection->query('INSERT INTO `pengajuan` (`judul_sk`, `tanggal_pengajuan`, `tembusan`, `menimbang`, `menetapkan`, `memperhatikan`, `mengingat`, `created_at`, `updated_at`) VALUES (:judul_sk:, :tanggal_pengajuan:, :tembusan:, :menimbang:, :menetapkan:, :memperhatikan:, :mengingat:, :created_at:, :updated_at:)', [...], false)
 5 SYSTEMPATH\Model.php(394): CodeIgniter\Database\BaseBuilder->insert()
 6 SYSTEMPATH\BaseModel.php(840): CodeIgniter\Model->doInsert([...])
 7 SYSTEMPATH\Model.php(802): CodeIgniter\BaseModel->insert([...], false)
 8 SYSTEMPATH\BaseModel.php(751): CodeIgniter\Model->insert([...], false)
 9 APPPATH\Controllers\dashboard.php(70): CodeIgniter\BaseModel->save([...])
10 SYSTEMPATH\CodeIgniter.php(933): App\Controllers\Dashboard->ajukanSK()
11 SYSTEMPATH\CodeIgniter.php(509): CodeIgniter\CodeIgniter->runController(Object(App\Controllers\Dashboard))
12 SYSTEMPATH\CodeIgniter.php(355): CodeIgniter\CodeIgniter->handleRequest(null, Object(Config\Cache), false)
13 SYSTEMPATH\Boot.php(325): CodeIgniter\CodeIgniter->run()
14 SYSTEMPATH\Boot.php(67): CodeIgniter\Boot::runCodeIgniter(Object(CodeIgniter\CodeIgniter))
15 FCPATH\index.php(56): CodeIgniter\Boot::bootWeb(Object(Config\Paths))
INFO - 2024-12-05 10:49:17 --> Session: Class initialized using 'CodeIgniter\Session\Handlers\FileHandler' driver.
INFO - 2024-12-05 10:49:19 --> Session: Class initialized using 'CodeIgniter\Session\Handlers\FileHandler' driver.
ERROR - 2024-12-05 10:49:19 --> mysqli_sql_exception: Cannot add or update a child row: a foreign key constraint fails (`sk`.`pengajuan`, CONSTRAINT `pengajuan_ibfk_1` FOREIGN KEY (`id_pengaju`) REFERENCES `pengaju_sk` (`id_pengaju`)) in C:\xampp\htdocs\project_sk\system\Database\MySQLi\Connection.php:312
Stack trace:
#0 C:\xampp\htdocs\project_sk\system\Database\MySQLi\Connection.php(312): mysqli->query('INSERT INTO `pe...', 0)
#1 C:\xampp\htdocs\project_sk\system\Database\BaseConnection.php(734): CodeIgniter\Database\MySQLi\Connection->execute('INSERT INTO `pe...')
#2 C:\xampp\htdocs\project_sk\system\Database\BaseConnection.php(648): CodeIgniter\Database\BaseConnection->simpleQuery('INSERT INTO `pe...')
#3 C:\xampp\htdocs\project_sk\system\Database\BaseBuilder.php(2340): CodeIgniter\Database\BaseConnection->query('INSERT INTO `pe...', Array, false)
#4 C:\xampp\htdocs\project_sk\system\Model.php(394): CodeIgniter\Database\BaseBuilder->insert()
#5 C:\xampp\htdocs\project_sk\system\BaseModel.php(840): CodeIgniter\Model->doInsert(Array)
#6 C:\xampp\htdocs\project_sk\system\Model.php(802): CodeIgniter\BaseModel->insert(Array, false)
#7 C:\xampp\htdocs\project_sk\system\BaseModel.php(751): CodeIgniter\Model->insert(Array, false)
#8 C:\xampp\htdocs\project_sk\app\Controllers\dashboard.php(70): CodeIgniter\BaseModel->save(Array)
#9 C:\xampp\htdocs\project_sk\system\CodeIgniter.php(933): App\Controllers\Dashboard->ajukanSK()
#10 C:\xampp\htdocs\project_sk\system\CodeIgniter.php(509): CodeIgniter\CodeIgniter->runController(Object(App\Controllers\Dashboard))
#11 C:\xampp\htdocs\project_sk\system\CodeIgniter.php(355): CodeIgniter\CodeIgniter->handleRequest(NULL, Object(Config\Cache), false)
#12 C:\xampp\htdocs\project_sk\system\Boot.php(325): CodeIgniter\CodeIgniter->run()
#13 C:\xampp\htdocs\project_sk\system\Boot.php(67): CodeIgniter\Boot::runCodeIgniter(Object(CodeIgniter\CodeIgniter))
#14 C:\xampp\htdocs\project_sk\public\index.php(56): CodeIgniter\Boot::bootWeb(Object(Config\Paths))
#15 {main}
CRITICAL - 2024-12-05 10:49:19 --> CodeIgniter\Database\Exceptions\DatabaseException: Cannot add or update a child row: a foreign key constraint fails (`sk`.`pengajuan`, CONSTRAINT `pengajuan_ibfk_1` FOREIGN KEY (`id_pengaju`) REFERENCES `pengaju_sk` (`id_pengaju`))
[Method: POST, Route: dashboard/ajukanSK]
in SYSTEMPATH\Database\BaseConnection.php on line 688.
 1 SYSTEMPATH\Database\BaseBuilder.php(2340): CodeIgniter\Database\BaseConnection->query('INSERT INTO `pengajuan` (`judul_sk`, `tanggal_pengajuan`, `tembusan`, `menimbang`, `menetapkan`, `memperhatikan`, `mengingat`, `created_at`, `updated_at`) VALUES (:judul_sk:, :tanggal_pengajuan:, :tembusan:, :menimbang:, :menetapkan:, :memperhatikan:, :mengingat:, :created_at:, :updated_at:)', [...], false)
 2 SYSTEMPATH\Model.php(394): CodeIgniter\Database\BaseBuilder->insert()
 3 SYSTEMPATH\BaseModel.php(840): CodeIgniter\Model->doInsert([...])
 4 SYSTEMPATH\Model.php(802): CodeIgniter\BaseModel->insert([...], false)
 5 SYSTEMPATH\BaseModel.php(751): CodeIgniter\Model->insert([...], false)
 6 APPPATH\Controllers\dashboard.php(70): CodeIgniter\BaseModel->save([...])
 7 SYSTEMPATH\CodeIgniter.php(933): App\Controllers\Dashboard->ajukanSK()
 8 SYSTEMPATH\CodeIgniter.php(509): CodeIgniter\CodeIgniter->runController(Object(App\Controllers\Dashboard))
 9 SYSTEMPATH\CodeIgniter.php(355): CodeIgniter\CodeIgniter->handleRequest(null, Object(Config\Cache), false)
10 SYSTEMPATH\Boot.php(325): CodeIgniter\CodeIgniter->run()
11 SYSTEMPATH\Boot.php(67): CodeIgniter\Boot::runCodeIgniter(Object(CodeIgniter\CodeIgniter))
12 FCPATH\index.php(56): CodeIgniter\Boot::bootWeb(Object(Config\Paths))
CRITICAL - 2024-12-05 10:49:19 --> [Caused by] CodeIgniter\Database\Exceptions\DatabaseException: Cannot add or update a child row: a foreign key constraint fails (`sk`.`pengajuan`, CONSTRAINT `pengajuan_ibfk_1` FOREIGN KEY (`id_pengaju`) REFERENCES `pengaju_sk` (`id_pengaju`))
in SYSTEMPATH\Database\MySQLi\Connection.php on line 317.
 1 SYSTEMPATH\Database\BaseConnection.php(734): CodeIgniter\Database\MySQLi\Connection->execute('INSERT INTO `pengajuan` (`judul_sk`, `tanggal_pengajuan`, `tembusan`, `menimbang`, `menetapkan`, `memperhatikan`, `mengingat`, `created_at`, `updated_at`) VALUES (\'kaka\', \'2004-07-14\', \'kalaldld\', \'akhcahacha\', \'aaacljacjl\', \'aclacaclac\', \'hkadagfakflsls\', \'2024-12-05 10:49:19\', \'2024-12-05 10:49:19\')')
 2 SYSTEMPATH\Database\BaseConnection.php(648): CodeIgniter\Database\BaseConnection->simpleQuery('INSERT INTO `pengajuan` (`judul_sk`, `tanggal_pengajuan`, `tembusan`, `menimbang`, `menetapkan`, `memperhatikan`, `mengingat`, `created_at`, `updated_at`) VALUES (\'kaka\', \'2004-07-14\', \'kalaldld\', \'akhcahacha\', \'aaacljacjl\', \'aclacaclac\', \'hkadagfakflsls\', \'2024-12-05 10:49:19\', \'2024-12-05 10:49:19\')')
 3 SYSTEMPATH\Database\BaseBuilder.php(2340): CodeIgniter\Database\BaseConnection->query('INSERT INTO `pengajuan` (`judul_sk`, `tanggal_pengajuan`, `tembusan`, `menimbang`, `menetapkan`, `memperhatikan`, `mengingat`, `created_at`, `updated_at`) VALUES (:judul_sk:, :tanggal_pengajuan:, :tembusan:, :menimbang:, :menetapkan:, :memperhatikan:, :mengingat:, :created_at:, :updated_at:)', [...], false)
 4 SYSTEMPATH\Model.php(394): CodeIgniter\Database\BaseBuilder->insert()
 5 SYSTEMPATH\BaseModel.php(840): CodeIgniter\Model->doInsert([...])
 6 SYSTEMPATH\Model.php(802): CodeIgniter\BaseModel->insert([...], false)
 7 SYSTEMPATH\BaseModel.php(751): CodeIgniter\Model->insert([...], false)
 8 APPPATH\Controllers\dashboard.php(70): CodeIgniter\BaseModel->save([...])
 9 SYSTEMPATH\CodeIgniter.php(933): App\Controllers\Dashboard->ajukanSK()
10 SYSTEMPATH\CodeIgniter.php(509): CodeIgniter\CodeIgniter->runController(Object(App\Controllers\Dashboard))
11 SYSTEMPATH\CodeIgniter.php(355): CodeIgniter\CodeIgniter->handleRequest(null, Object(Config\Cache), false)
12 SYSTEMPATH\Boot.php(325): CodeIgniter\CodeIgniter->run()
13 SYSTEMPATH\Boot.php(67): CodeIgniter\Boot::runCodeIgniter(Object(CodeIgniter\CodeIgniter))
14 FCPATH\index.php(56): CodeIgniter\Boot::bootWeb(Object(Config\Paths))
CRITICAL - 2024-12-05 10:49:19 --> [Caused by] mysqli_sql_exception: Cannot add or update a child row: a foreign key constraint fails (`sk`.`pengajuan`, CONSTRAINT `pengajuan_ibfk_1` FOREIGN KEY (`id_pengaju`) REFERENCES `pengaju_sk` (`id_pengaju`))
in SYSTEMPATH\Database\MySQLi\Connection.php on line 312.
 1 SYSTEMPATH\Database\MySQLi\Connection.php(312): mysqli->query('INSERT INTO `pengajuan` (`judul_sk`, `tanggal_pengajuan`, `tembusan`, `menimbang`, `menetapkan`, `memperhatikan`, `mengingat`, `created_at`, `updated_at`) VALUES (\'kaka\', \'2004-07-14\', \'kalaldld\', \'akhcahacha\', \'aaacljacjl\', \'aclacaclac\', \'hkadagfakflsls\', \'2024-12-05 10:49:19\', \'2024-12-05 10:49:19\')', 0)
 2 SYSTEMPATH\Database\BaseConnection.php(734): CodeIgniter\Database\MySQLi\Connection->execute('INSERT INTO `pengajuan` (`judul_sk`, `tanggal_pengajuan`, `tembusan`, `menimbang`, `menetapkan`, `memperhatikan`, `mengingat`, `created_at`, `updated_at`) VALUES (\'kaka\', \'2004-07-14\', \'kalaldld\', \'akhcahacha\', \'aaacljacjl\', \'aclacaclac\', \'hkadagfakflsls\', \'2024-12-05 10:49:19\', \'2024-12-05 10:49:19\')')
 3 SYSTEMPATH\Database\BaseConnection.php(648): CodeIgniter\Database\BaseConnection->simpleQuery('INSERT INTO `pengajuan` (`judul_sk`, `tanggal_pengajuan`, `tembusan`, `menimbang`, `menetapkan`, `memperhatikan`, `mengingat`, `created_at`, `updated_at`) VALUES (\'kaka\', \'2004-07-14\', \'kalaldld\', \'akhcahacha\', \'aaacljacjl\', \'aclacaclac\', \'hkadagfakflsls\', \'2024-12-05 10:49:19\', \'2024-12-05 10:49:19\')')
 4 SYSTEMPATH\Database\BaseBuilder.php(2340): CodeIgniter\Database\BaseConnection->query('INSERT INTO `pengajuan` (`judul_sk`, `tanggal_pengajuan`, `tembusan`, `menimbang`, `menetapkan`, `memperhatikan`, `mengingat`, `created_at`, `updated_at`) VALUES (:judul_sk:, :tanggal_pengajuan:, :tembusan:, :menimbang:, :menetapkan:, :memperhatikan:, :mengingat:, :created_at:, :updated_at:)', [...], false)
 5 SYSTEMPATH\Model.php(394): CodeIgniter\Database\BaseBuilder->insert()
 6 SYSTEMPATH\BaseModel.php(840): CodeIgniter\Model->doInsert([...])
 7 SYSTEMPATH\Model.php(802): CodeIgniter\BaseModel->insert([...], false)
 8 SYSTEMPATH\BaseModel.php(751): CodeIgniter\Model->insert([...], false)
 9 APPPATH\Controllers\dashboard.php(70): CodeIgniter\BaseModel->save([...])
10 SYSTEMPATH\CodeIgniter.php(933): App\Controllers\Dashboard->ajukanSK()
11 SYSTEMPATH\CodeIgniter.php(509): CodeIgniter\CodeIgniter->runController(Object(App\Controllers\Dashboard))
12 SYSTEMPATH\CodeIgniter.php(355): CodeIgniter\CodeIgniter->handleRequest(null, Object(Config\Cache), false)
13 SYSTEMPATH\Boot.php(325): CodeIgniter\CodeIgniter->run()
14 SYSTEMPATH\Boot.php(67): CodeIgniter\Boot::runCodeIgniter(Object(CodeIgniter\CodeIgniter))
15 FCPATH\index.php(56): CodeIgniter\Boot::bootWeb(Object(Config\Paths))
INFO - 2024-12-05 10:49:54 --> Session: Class initialized using 'CodeIgniter\Session\Handlers\FileHandler' driver.
INFO - 2024-12-05 10:49:55 --> Session: Class initialized using 'CodeIgniter\Session\Handlers\FileHandler' driver.
ERROR - 2024-12-05 10:49:55 --> mysqli_sql_exception: Cannot add or update a child row: a foreign key constraint fails (`sk`.`pengajuan`, CONSTRAINT `pengajuan_ibfk_1` FOREIGN KEY (`id_pengaju`) REFERENCES `pengaju_sk` (`id_pengaju`)) in C:\xampp\htdocs\project_sk\system\Database\MySQLi\Connection.php:312
Stack trace:
#0 C:\xampp\htdocs\project_sk\system\Database\MySQLi\Connection.php(312): mysqli->query('INSERT INTO `pe...', 0)
#1 C:\xampp\htdocs\project_sk\system\Database\BaseConnection.php(734): CodeIgniter\Database\MySQLi\Connection->execute('INSERT INTO `pe...')
#2 C:\xampp\htdocs\project_sk\system\Database\BaseConnection.php(648): CodeIgniter\Database\BaseConnection->simpleQuery('INSERT INTO `pe...')
#3 C:\xampp\htdocs\project_sk\system\Database\BaseBuilder.php(2340): CodeIgniter\Database\BaseConnection->query('INSERT INTO `pe...', Array, false)
#4 C:\xampp\htdocs\project_sk\system\Model.php(394): CodeIgniter\Database\BaseBuilder->insert()
#5 C:\xampp\htdocs\project_sk\system\BaseModel.php(840): CodeIgniter\Model->doInsert(Array)
#6 C:\xampp\htdocs\project_sk\system\Model.php(802): CodeIgniter\BaseModel->insert(Array, false)
#7 C:\xampp\htdocs\project_sk\system\BaseModel.php(751): CodeIgniter\Model->insert(Array, false)
#8 C:\xampp\htdocs\project_sk\app\Controllers\dashboard.php(70): CodeIgniter\BaseModel->save(Array)
#9 C:\xampp\htdocs\project_sk\system\CodeIgniter.php(933): App\Controllers\Dashboard->ajukanSK()
#10 C:\xampp\htdocs\project_sk\system\CodeIgniter.php(509): CodeIgniter\CodeIgniter->runController(Object(App\Controllers\Dashboard))
#11 C:\xampp\htdocs\project_sk\system\CodeIgniter.php(355): CodeIgniter\CodeIgniter->handleRequest(NULL, Object(Config\Cache), false)
#12 C:\xampp\htdocs\project_sk\system\Boot.php(325): CodeIgniter\CodeIgniter->run()
#13 C:\xampp\htdocs\project_sk\system\Boot.php(67): CodeIgniter\Boot::runCodeIgniter(Object(CodeIgniter\CodeIgniter))
#14 C:\xampp\htdocs\project_sk\public\index.php(56): CodeIgniter\Boot::bootWeb(Object(Config\Paths))
#15 {main}
CRITICAL - 2024-12-05 10:49:55 --> CodeIgniter\Database\Exceptions\DatabaseException: Cannot add or update a child row: a foreign key constraint fails (`sk`.`pengajuan`, CONSTRAINT `pengajuan_ibfk_1` FOREIGN KEY (`id_pengaju`) REFERENCES `pengaju_sk` (`id_pengaju`))
[Method: POST, Route: dashboard/ajukanSK]
in SYSTEMPATH\Database\BaseConnection.php on line 688.
 1 SYSTEMPATH\Database\BaseBuilder.php(2340): CodeIgniter\Database\BaseConnection->query('INSERT INTO `pengajuan` (`judul_sk`, `tanggal_pengajuan`, `tembusan`, `menimbang`, `menetapkan`, `memperhatikan`, `mengingat`, `created_at`, `updated_at`) VALUES (:judul_sk:, :tanggal_pengajuan:, :tembusan:, :menimbang:, :menetapkan:, :memperhatikan:, :mengingat:, :created_at:, :updated_at:)', [...], false)
 2 SYSTEMPATH\Model.php(394): CodeIgniter\Database\BaseBuilder->insert()
 3 SYSTEMPATH\BaseModel.php(840): CodeIgniter\Model->doInsert([...])
 4 SYSTEMPATH\Model.php(802): CodeIgniter\BaseModel->insert([...], false)
 5 SYSTEMPATH\BaseModel.php(751): CodeIgniter\Model->insert([...], false)
 6 APPPATH\Controllers\dashboard.php(70): CodeIgniter\BaseModel->save([...])
 7 SYSTEMPATH\CodeIgniter.php(933): App\Controllers\Dashboard->ajukanSK()
 8 SYSTEMPATH\CodeIgniter.php(509): CodeIgniter\CodeIgniter->runController(Object(App\Controllers\Dashboard))
 9 SYSTEMPATH\CodeIgniter.php(355): CodeIgniter\CodeIgniter->handleRequest(null, Object(Config\Cache), false)
10 SYSTEMPATH\Boot.php(325): CodeIgniter\CodeIgniter->run()
11 SYSTEMPATH\Boot.php(67): CodeIgniter\Boot::runCodeIgniter(Object(CodeIgniter\CodeIgniter))
12 FCPATH\index.php(56): CodeIgniter\Boot::bootWeb(Object(Config\Paths))
CRITICAL - 2024-12-05 10:49:55 --> [Caused by] CodeIgniter\Database\Exceptions\DatabaseException: Cannot add or update a child row: a foreign key constraint fails (`sk`.`pengajuan`, CONSTRAINT `pengajuan_ibfk_1` FOREIGN KEY (`id_pengaju`) REFERENCES `pengaju_sk` (`id_pengaju`))
in SYSTEMPATH\Database\MySQLi\Connection.php on line 317.
 1 SYSTEMPATH\Database\BaseConnection.php(734): CodeIgniter\Database\MySQLi\Connection->execute('INSERT INTO `pengajuan` (`judul_sk`, `tanggal_pengajuan`, `tembusan`, `menimbang`, `menetapkan`, `memperhatikan`, `mengingat`, `created_at`, `updated_at`) VALUES (\'kaka\', \'2004-07-14\', \'kalaldld\', \'akhcahacha\', \'aaacljacjl\', \'aclacaclac\', \'hkadagfakflsls\', \'2024-12-05 10:49:55\', \'2024-12-05 10:49:55\')')
 2 SYSTEMPATH\Database\BaseConnection.php(648): CodeIgniter\Database\BaseConnection->simpleQuery('INSERT INTO `pengajuan` (`judul_sk`, `tanggal_pengajuan`, `tembusan`, `menimbang`, `menetapkan`, `memperhatikan`, `mengingat`, `created_at`, `updated_at`) VALUES (\'kaka\', \'2004-07-14\', \'kalaldld\', \'akhcahacha\', \'aaacljacjl\', \'aclacaclac\', \'hkadagfakflsls\', \'2024-12-05 10:49:55\', \'2024-12-05 10:49:55\')')
 3 SYSTEMPATH\Database\BaseBuilder.php(2340): CodeIgniter\Database\BaseConnection->query('INSERT INTO `pengajuan` (`judul_sk`, `tanggal_pengajuan`, `tembusan`, `menimbang`, `menetapkan`, `memperhatikan`, `mengingat`, `created_at`, `updated_at`) VALUES (:judul_sk:, :tanggal_pengajuan:, :tembusan:, :menimbang:, :menetapkan:, :memperhatikan:, :mengingat:, :created_at:, :updated_at:)', [...], false)
 4 SYSTEMPATH\Model.php(394): CodeIgniter\Database\BaseBuilder->insert()
 5 SYSTEMPATH\BaseModel.php(840): CodeIgniter\Model->doInsert([...])
 6 SYSTEMPATH\Model.php(802): CodeIgniter\BaseModel->insert([...], false)
 7 SYSTEMPATH\BaseModel.php(751): CodeIgniter\Model->insert([...], false)
 8 APPPATH\Controllers\dashboard.php(70): CodeIgniter\BaseModel->save([...])
 9 SYSTEMPATH\CodeIgniter.php(933): App\Controllers\Dashboard->ajukanSK()
10 SYSTEMPATH\CodeIgniter.php(509): CodeIgniter\CodeIgniter->runController(Object(App\Controllers\Dashboard))
11 SYSTEMPATH\CodeIgniter.php(355): CodeIgniter\CodeIgniter->handleRequest(null, Object(Config\Cache), false)
12 SYSTEMPATH\Boot.php(325): CodeIgniter\CodeIgniter->run()
13 SYSTEMPATH\Boot.php(67): CodeIgniter\Boot::runCodeIgniter(Object(CodeIgniter\CodeIgniter))
14 FCPATH\index.php(56): CodeIgniter\Boot::bootWeb(Object(Config\Paths))
CRITICAL - 2024-12-05 10:49:55 --> [Caused by] mysqli_sql_exception: Cannot add or update a child row: a foreign key constraint fails (`sk`.`pengajuan`, CONSTRAINT `pengajuan_ibfk_1` FOREIGN KEY (`id_pengaju`) REFERENCES `pengaju_sk` (`id_pengaju`))
in SYSTEMPATH\Database\MySQLi\Connection.php on line 312.
 1 SYSTEMPATH\Database\MySQLi\Connection.php(312): mysqli->query('INSERT INTO `pengajuan` (`judul_sk`, `tanggal_pengajuan`, `tembusan`, `menimbang`, `menetapkan`, `memperhatikan`, `mengingat`, `created_at`, `updated_at`) VALUES (\'kaka\', \'2004-07-14\', \'kalaldld\', \'akhcahacha\', \'aaacljacjl\', \'aclacaclac\', \'hkadagfakflsls\', \'2024-12-05 10:49:55\', \'2024-12-05 10:49:55\')', 0)
 2 SYSTEMPATH\Database\BaseConnection.php(734): CodeIgniter\Database\MySQLi\Connection->execute('INSERT INTO `pengajuan` (`judul_sk`, `tanggal_pengajuan`, `tembusan`, `menimbang`, `menetapkan`, `memperhatikan`, `mengingat`, `created_at`, `updated_at`) VALUES (\'kaka\', \'2004-07-14\', \'kalaldld\', \'akhcahacha\', \'aaacljacjl\', \'aclacaclac\', \'hkadagfakflsls\', \'2024-12-05 10:49:55\', \'2024-12-05 10:49:55\')')
 3 SYSTEMPATH\Database\BaseConnection.php(648): CodeIgniter\Database\BaseConnection->simpleQuery('INSERT INTO `pengajuan` (`judul_sk`, `tanggal_pengajuan`, `tembusan`, `menimbang`, `menetapkan`, `memperhatikan`, `mengingat`, `created_at`, `updated_at`) VALUES (\'kaka\', \'2004-07-14\', \'kalaldld\', \'akhcahacha\', \'aaacljacjl\', \'aclacaclac\', \'hkadagfakflsls\', \'2024-12-05 10:49:55\', \'2024-12-05 10:49:55\')')
 4 SYSTEMPATH\Database\BaseBuilder.php(2340): CodeIgniter\Database\BaseConnection->query('INSERT INTO `pengajuan` (`judul_sk`, `tanggal_pengajuan`, `tembusan`, `menimbang`, `menetapkan`, `memperhatikan`, `mengingat`, `created_at`, `updated_at`) VALUES (:judul_sk:, :tanggal_pengajuan:, :tembusan:, :menimbang:, :menetapkan:, :memperhatikan:, :mengingat:, :created_at:, :updated_at:)', [...], false)
 5 SYSTEMPATH\Model.php(394): CodeIgniter\Database\BaseBuilder->insert()
 6 SYSTEMPATH\BaseModel.php(840): CodeIgniter\Model->doInsert([...])
 7 SYSTEMPATH\Model.php(802): CodeIgniter\BaseModel->insert([...], false)
 8 SYSTEMPATH\BaseModel.php(751): CodeIgniter\Model->insert([...], false)
 9 APPPATH\Controllers\dashboard.php(70): CodeIgniter\BaseModel->save([...])
10 SYSTEMPATH\CodeIgniter.php(933): App\Controllers\Dashboard->ajukanSK()
11 SYSTEMPATH\CodeIgniter.php(509): CodeIgniter\CodeIgniter->runController(Object(App\Controllers\Dashboard))
12 SYSTEMPATH\CodeIgniter.php(355): CodeIgniter\CodeIgniter->handleRequest(null, Object(Config\Cache), false)
13 SYSTEMPATH\Boot.php(325): CodeIgniter\CodeIgniter->run()
14 SYSTEMPATH\Boot.php(67): CodeIgniter\Boot::runCodeIgniter(Object(CodeIgniter\CodeIgniter))
15 FCPATH\index.php(56): CodeIgniter\Boot::bootWeb(Object(Config\Paths))
INFO - 2024-12-05 10:57:48 --> Session: Class initialized using 'CodeIgniter\Session\Handlers\FileHandler' driver.
INFO - 2024-12-05 10:57:50 --> Session: Class initialized using 'CodeIgniter\Session\Handlers\FileHandler' driver.
INFO - 2024-12-05 10:57:51 --> Session: Class initialized using 'CodeIgniter\Session\Handlers\FileHandler' driver.
INFO - 2024-12-05 11:21:29 --> Session: Class initialized using 'CodeIgniter\Session\Handlers\FileHandler' driver.
INFO - 2024-12-05 11:26:08 --> Session: Class initialized using 'CodeIgniter\Session\Handlers\FileHandler' driver.
INFO - 2024-12-05 11:26:10 --> Session: Class initialized using 'CodeIgniter\Session\Handlers\FileHandler' driver.
INFO - 2024-12-05 11:26:11 --> Session: Class initialized using 'CodeIgniter\Session\Handlers\FileHandler' driver.
INFO - 2024-12-05 11:26:48 --> Session: Class initialized using 'CodeIgniter\Session\Handlers\FileHandler' driver.
INFO - 2024-12-05 11:29:01 --> Session: Class initialized using 'CodeIgniter\Session\Handlers\FileHandler' driver.
INFO - 2024-12-05 11:29:35 --> Session: Class initialized using 'CodeIgniter\Session\Handlers\FileHandler' driver.
INFO - 2024-12-05 11:29:45 --> Session: Class initialized using 'CodeIgniter\Session\Handlers\FileHandler' driver.
INFO - 2024-12-05 12:50:44 --> Session: Class initialized using 'CodeIgniter\Session\Handlers\FileHandler' driver.
INFO - 2024-12-05 12:50:49 --> Session: Class initialized using 'CodeIgniter\Session\Handlers\FileHandler' driver.
INFO - 2024-12-05 12:50:50 --> Session: Class initialized using 'CodeIgniter\Session\Handlers\FileHandler' driver.
INFO - 2024-12-05 13:17:28 --> Session: Class initialized using 'CodeIgniter\Session\Handlers\FileHandler' driver.
INFO - 2024-12-05 13:17:45 --> Session: Class initialized using 'CodeIgniter\Session\Handlers\FileHandler' driver.
INFO - 2024-12-05 13:17:45 --> Session: Class initialized using 'CodeIgniter\Session\Handlers\FileHandler' driver.
INFO - 2024-12-05 13:17:47 --> Session: Class initialized using 'CodeIgniter\Session\Handlers\FileHandler' driver.
INFO - 2024-12-05 13:17:47 --> Session: Class initialized using 'CodeIgniter\Session\Handlers\FileHandler' driver.
INFO - 2024-12-05 13:17:48 --> Session: Class initialized using 'CodeIgniter\Session\Handlers\FileHandler' driver.
INFO - 2024-12-05 13:17:48 --> Session: Class initialized using 'CodeIgniter\Session\Handlers\FileHandler' driver.
INFO - 2024-12-05 13:18:03 --> Session: Class initialized using 'CodeIgniter\Session\Handlers\FileHandler' driver.
INFO - 2024-12-05 13:19:26 --> Session: Class initialized using 'CodeIgniter\Session\Handlers\FileHandler' driver.
INFO - 2024-12-05 13:20:33 --> Session: Class initialized using 'CodeIgniter\Session\Handlers\FileHandler' driver.
INFO - 2024-12-05 13:20:35 --> Session: Class initialized using 'CodeIgniter\Session\Handlers\FileHandler' driver.
INFO - 2024-12-05 13:20:43 --> Session: Class initialized using 'CodeIgniter\Session\Handlers\FileHandler' driver.
INFO - 2024-12-05 13:25:48 --> Session: Class initialized using 'CodeIgniter\Session\Handlers\FileHandler' driver.
INFO - 2024-12-05 13:27:39 --> Session: Class initialized using 'CodeIgniter\Session\Handlers\FileHandler' driver.
INFO - 2024-12-05 13:27:40 --> Session: Class initialized using 'CodeIgniter\Session\Handlers\FileHandler' driver.
INFO - 2024-12-05 13:27:40 --> Session: Class initialized using 'CodeIgniter\Session\Handlers\FileHandler' driver.
INFO - 2024-12-05 13:27:44 --> Session: Class initialized using 'CodeIgniter\Session\Handlers\FileHandler' driver.
INFO - 2024-12-05 13:27:44 --> Session: Class initialized using 'CodeIgniter\Session\Handlers\FileHandler' driver.
INFO - 2024-12-05 13:27:58 --> Session: Class initialized using 'CodeIgniter\Session\Handlers\FileHandler' driver.
INFO - 2024-12-05 13:29:39 --> Session: Class initialized using 'CodeIgniter\Session\Handlers\FileHandler' driver.
INFO - 2024-12-05 13:29:41 --> Session: Class initialized using 'CodeIgniter\Session\Handlers\FileHandler' driver.
INFO - 2024-12-05 13:29:41 --> Session: Class initialized using 'CodeIgniter\Session\Handlers\FileHandler' driver.
INFO - 2024-12-05 13:29:46 --> Session: Class initialized using 'CodeIgniter\Session\Handlers\FileHandler' driver.
INFO - 2024-12-05 13:33:48 --> Session: Class initialized using 'CodeIgniter\Session\Handlers\FileHandler' driver.
INFO - 2024-12-05 13:37:07 --> Session: Class initialized using 'CodeIgniter\Session\Handlers\FileHandler' driver.
INFO - 2024-12-05 13:37:11 --> Session: Class initialized using 'CodeIgniter\Session\Handlers\FileHandler' driver.
INFO - 2024-12-05 13:38:26 --> Session: Class initialized using 'CodeIgniter\Session\Handlers\FileHandler' driver.
INFO - 2024-12-05 13:50:11 --> Session: Class initialized using 'CodeIgniter\Session\Handlers\FileHandler' driver.
INFO - 2024-12-05 13:50:12 --> Session: Class initialized using 'CodeIgniter\Session\Handlers\FileHandler' driver.
